2025-10-29T02:19:00.551Z venue=raydium pool=58oQChx4yWmvKdwLLZzBi4ChoCc2fqCUWBkwMihLYQo2 price=NaN fee_bps=25
2025-10-29T02:19:00.553Z venue=raydium pool=3ucNos4NbumPLZNWztqGHNFFgkHeRMBQAVemeeomsUxv price=194.43575787155203 fee_bps=400
2025-10-29T02:19:00.553Z venue=raydium pool=CYbD9RaToYMtWKA7QZyoLahnHdWq553Vm62Lh6qWtuxq price=194.4312455377635 fee_bps=200
2025-10-29T02:19:00.554Z venue=raydium pool=8sLbNZoA1cfnvMJLPfp98ZLAnFSYCFApfJKMbiXNLwxj price=194.41989338565173 fee_bps=100
2025-10-29T02:19:00.555Z venue=raydium pool=EXHyQxMSttcvLPwjENnXCPZ8GmLjJYHtNBnAkcFeFKMn price=194.45062807189697 fee_bps=100
2025-10-29T02:19:00.556Z venue=orca pool=Czfq3xZZDmsdGdUyrNLtRhGc47cXcZtLG4crryfu44zE price=194.44141569962378 fee_bps=4
2025-10-29T02:19:00.557Z venue=orca pool=FpCMFDFGYotvufJ7HrFHsWEiiQCGbkLCtwHiDnh7o28Q price=194.45655309355885 fee_bps=2
2025-10-29T02:19:00.558Z venue=orca pool=7qbRF6YsyGuLUVs6Y1q64bdVrfe4ZcUUz1JRdoVNUJnm price=194.4119362341395 fee_bps=5
2025-10-29T02:19:00.559Z venue=orca pool=HJPjoWUrhoZzkNfRpHuieeFk9WcZWjwy6PBjZ81ngndJ price=194.21683535173577 fee_bps=30
2025-10-29T02:19:01.925Z venue=meteora pool=BGm1tav58oGcsQJehL9WXBFXF7D27vZsKefj4xJKD5Y price=194.33320417474852 fee_bps=10
2025-10-29T02:19:02.858Z venue=meteora pool=BVRbyLjjfSBcoyiYFuxbgKYnWuiFaF9CSXEa5vdSZ9Hh price=193.91018596618432 fee_bps=20
2025-10-29T02:19:03.862Z venue=meteora pool=5rCf1DM8LjKTw4YqhnoLcngyZYeNnQqztScTogYHAS6 price=194.43205912971294 fee_bps=4
2025-10-29T02:19:04.780Z venue=meteora pool=HTvjzsfX3yU6BUodCjZ5vZkUrAxMDTrBs3CJaq43ashR price=194.4426300805606 fee_bps=1
2025-10-29T02:19:05.692Z venue=meteora pool=CgqwPLSFfht89pF5RSKGUUMFj5zRxoUt4861w2SkXaqY price=193.70034107476633 fee_bps=5
2025-10-29T02:19:06.285Z venue=lifinity pool=86eq4kdBkUCHGdCC2SfcqGHRCBGhp2M89aCmuvvxaXsm price=208.62193914699213 fee_bps=13
2025-10-29T02:19:06.588Z venue=lifinity pool=DrRd8gYMJu9XGxLhwTCPdHNLXCKHsxJtMpbn62YqmwQe price=265.5008940143198 fee_bps=13
2025-10-29T02:19:06.717Z venue=raydium pool=58oQChx4yWmvKdwLLZzBi4ChoCc2fqCUWBkwMihLYQo2 price=NaN fee_bps=25
2025-10-29T02:19:06.717Z venue=raydium pool=58oQChx4yWmvKdwLLZzBi4ChoCc2fqCUWBkwMihLYQo2 price=NaN fee_bps=25
2025-10-29T02:19:06.717Z venue=raydium pool=3ucNos4NbumPLZNWztqGHNFFgkHeRMBQAVemeeomsUxv price=194.43575787155203 fee_bps=400
2025-10-29T02:19:06.717Z venue=raydium pool=3ucNos4NbumPLZNWztqGHNFFgkHeRMBQAVemeeomsUxv price=194.43575787155203 fee_bps=400
2025-10-29T02:19:06.717Z venue=raydium pool=CYbD9RaToYMtWKA7QZyoLahnHdWq553Vm62Lh6qWtuxq price=194.4312455377635 fee_bps=200
2025-10-29T02:19:06.717Z venue=raydium pool=CYbD9RaToYMtWKA7QZyoLahnHdWq553Vm62Lh6qWtuxq price=194.4312455377635 fee_bps=200
2025-10-29T02:19:06.717Z venue=raydium pool=8sLbNZoA1cfnvMJLPfp98ZLAnFSYCFApfJKMbiXNLwxj price=194.41989338565173 fee_bps=100
2025-10-29T02:19:06.717Z venue=raydium pool=8sLbNZoA1cfnvMJLPfp98ZLAnFSYCFApfJKMbiXNLwxj price=194.41989338565173 fee_bps=100
2025-10-29T02:19:06.717Z venue=raydium pool=EXHyQxMSttcvLPwjENnXCPZ8GmLjJYHtNBnAkcFeFKMn price=194.45062807189697 fee_bps=100
2025-10-29T02:19:06.717Z venue=raydium pool=EXHyQxMSttcvLPwjENnXCPZ8GmLjJYHtNBnAkcFeFKMn price=194.45062807189697 fee_bps=100
2025-10-29T02:19:06.717Z venue=orca pool=Czfq3xZZDmsdGdUyrNLtRhGc47cXcZtLG4crryfu44zE price=194.44141569962378 fee_bps=4
2025-10-29T02:19:06.717Z venue=orca pool=Czfq3xZZDmsdGdUyrNLtRhGc47cXcZtLG4crryfu44zE price=194.44141569962378 fee_bps=4
2025-10-29T02:19:06.717Z venue=orca pool=FpCMFDFGYotvufJ7HrFHsWEiiQCGbkLCtwHiDnh7o28Q price=194.45655309355885 fee_bps=2
2025-10-29T02:19:06.717Z venue=orca pool=FpCMFDFGYotvufJ7HrFHsWEiiQCGbkLCtwHiDnh7o28Q price=194.45655309355885 fee_bps=2
2025-10-29T02:19:06.717Z venue=orca pool=7qbRF6YsyGuLUVs6Y1q64bdVrfe4ZcUUz1JRdoVNUJnm price=194.4119362341395 fee_bps=5
2025-10-29T02:19:06.717Z venue=orca pool=7qbRF6YsyGuLUVs6Y1q64bdVrfe4ZcUUz1JRdoVNUJnm price=194.4119362341395 fee_bps=5
2025-10-29T02:19:06.717Z venue=orca pool=HJPjoWUrhoZzkNfRpHuieeFk9WcZWjwy6PBjZ81ngndJ price=194.21683535173577 fee_bps=30
2025-10-29T02:19:06.717Z venue=orca pool=HJPjoWUrhoZzkNfRpHuieeFk9WcZWjwy6PBjZ81ngndJ price=194.21683535173577 fee_bps=30
2025-10-29T02:19:06.717Z venue=meteora pool=BGm1tav58oGcsQJehL9WXBFXF7D27vZsKefj4xJKD5Y price=194.33320417474852 fee_bps=10
2025-10-29T02:19:06.717Z venue=meteora pool=BGm1tav58oGcsQJehL9WXBFXF7D27vZsKefj4xJKD5Y price=194.33320417474852 fee_bps=10
2025-10-29T02:19:06.717Z venue=meteora pool=BVRbyLjjfSBcoyiYFuxbgKYnWuiFaF9CSXEa5vdSZ9Hh price=193.91018596618432 fee_bps=20
2025-10-29T02:19:06.717Z venue=meteora pool=BVRbyLjjfSBcoyiYFuxbgKYnWuiFaF9CSXEa5vdSZ9Hh price=193.91018596618432 fee_bps=20
2025-10-29T02:19:06.717Z venue=meteora pool=5rCf1DM8LjKTw4YqhnoLcngyZYeNnQqztScTogYHAS6 price=194.43205912971294 fee_bps=4
2025-10-29T02:19:06.717Z venue=meteora pool=5rCf1DM8LjKTw4YqhnoLcngyZYeNnQqztScTogYHAS6 price=194.43205912971294 fee_bps=4
2025-10-29T02:19:06.717Z venue=meteora pool=HTvjzsfX3yU6BUodCjZ5vZkUrAxMDTrBs3CJaq43ashR price=194.4426300805606 fee_bps=1
2025-10-29T02:19:06.718Z venue=meteora pool=HTvjzsfX3yU6BUodCjZ5vZkUrAxMDTrBs3CJaq43ashR price=194.4426300805606 fee_bps=1
2025-10-29T02:19:06.718Z venue=meteora pool=CgqwPLSFfht89pF5RSKGUUMFj5zRxoUt4861w2SkXaqY price=193.70034107476633 fee_bps=5
2025-10-29T02:19:06.718Z venue=meteora pool=CgqwPLSFfht89pF5RSKGUUMFj5zRxoUt4861w2SkXaqY price=193.70034107476633 fee_bps=5
2025-10-29T02:19:06.718Z venue=lifinity pool=86eq4kdBkUCHGdCC2SfcqGHRCBGhp2M89aCmuvvxaXsm price=208.62193914699213 fee_bps=13
2025-10-29T02:19:06.718Z venue=lifinity pool=86eq4kdBkUCHGdCC2SfcqGHRCBGhp2M89aCmuvvxaXsm price=208.62193914699213 fee_bps=13
2025-10-29T02:19:06.718Z venue=lifinity pool=DrRd8gYMJu9XGxLhwTCPdHNLXCKHsxJtMpbn62YqmwQe price=265.5008940143198 fee_bps=13
2025-10-29T02:19:06.718Z venue=lifinity pool=DrRd8gYMJu9XGxLhwTCPdHNLXCKHsxJtMpbn62YqmwQe price=265.5008940143198 fee_bps=13
2025-10-29T02:19:07.372Z venue=meteora pool=BGm1tav58oGcsQJehL9WXBFXF7D27vZsKefj4xJKD5Y price=194.33320417474852 slot=376480983 fee_bps=10
2025-10-29T02:19:07.372Z venue=meteora pool=BGm1tav58oGcsQJehL9WXBFXF7D27vZsKefj4xJKD5Y price=194.33320417474852 slot=376480983 fee_bps=10
2025-10-29T02:19:07.372Z venue=meteora pool=HTvjzsfX3yU6BUodCjZ5vZkUrAxMDTrBs3CJaq43ashR price=194.4426300805606 slot=376480983 fee_bps=1
2025-10-29T02:19:07.373Z venue=raydium pool=CYbD9RaToYMtWKA7QZyoLahnHdWq553Vm62Lh6qWtuxq price=194.4312455377635 slot=376480983 fee_bps=200
2025-10-29T02:19:07.373Z venue=raydium pool=CYbD9RaToYMtWKA7QZyoLahnHdWq553Vm62Lh6qWtuxq price=194.4312455377635 slot=376480983 fee_bps=200
2025-10-29T02:19:07.379Z venue=raydium pool=CYbD9RaToYMtWKA7QZyoLahnHdWq553Vm62Lh6qWtuxq price=194.40799613811956 slot=376480983 fee_bps=200
2025-10-29T02:19:07.380Z venue=orca pool=FpCMFDFGYotvufJ7HrFHsWEiiQCGbkLCtwHiDnh7o28Q price=194.45655309355885 slot=376480983 fee_bps=2
2025-10-29T02:19:07.380Z venue=orca pool=FpCMFDFGYotvufJ7HrFHsWEiiQCGbkLCtwHiDnh7o28Q price=194.45655309355885 slot=376480983 fee_bps=2
2025-10-29T02:19:07.380Z venue=meteora pool=HTvjzsfX3yU6BUodCjZ5vZkUrAxMDTrBs3CJaq43ashR price=194.4426300805606 slot=376480983 fee_bps=1
2025-10-29T02:19:07.384Z venue=orca pool=FpCMFDFGYotvufJ7HrFHsWEiiQCGbkLCtwHiDnh7o28Q price=194.43488268893205 slot=376480983 fee_bps=2
2025-10-29T02:19:07.736Z venue=orca pool=Czfq3xZZDmsdGdUyrNLtRhGc47cXcZtLG4crryfu44zE price=194.44141569962378 slot=376480984 fee_bps=4
2025-10-29T02:19:07.738Z venue=orca pool=Czfq3xZZDmsdGdUyrNLtRhGc47cXcZtLG4crryfu44zE price=194.44153899100704 slot=376480984 fee_bps=4
2025-10-29T02:19:07.750Z venue=meteora pool=BGm1tav58oGcsQJehL9WXBFXF7D27vZsKefj4xJKD5Y price=194.33320417474852 slot=376480984 fee_bps=10
2025-10-29T02:19:07.751Z venue=meteora pool=BGm1tav58oGcsQJehL9WXBFXF7D27vZsKefj4xJKD5Y price=194.33320417474852 slot=376480984 fee_bps=10
2025-10-29T02:19:07.751Z venue=orca pool=Czfq3xZZDmsdGdUyrNLtRhGc47cXcZtLG4crryfu44zE price=194.44153899100704 slot=376480984 fee_bps=4
2025-10-29T02:19:08.514Z venue=raydium pool=EXHyQxMSttcvLPwjENnXCPZ8GmLjJYHtNBnAkcFeFKMn price=194.45062807189697 slot=376480985 fee_bps=100
2025-10-29T02:19:08.515Z venue=raydium pool=EXHyQxMSttcvLPwjENnXCPZ8GmLjJYHtNBnAkcFeFKMn price=194.45062807189697 slot=376480985 fee_bps=100
2025-10-29T02:19:08.516Z venue=raydium pool=EXHyQxMSttcvLPwjENnXCPZ8GmLjJYHtNBnAkcFeFKMn price=194.41724651292085 slot=376480985 fee_bps=100
2025-10-29T02:19:09.109Z venue=raydium pool=EXHyQxMSttcvLPwjENnXCPZ8GmLjJYHtNBnAkcFeFKMn price=194.41724651292085 slot=376480987 fee_bps=100
2025-10-29T02:19:09.110Z venue=raydium pool=8sLbNZoA1cfnvMJLPfp98ZLAnFSYCFApfJKMbiXNLwxj price=194.41989338565173 slot=376480987 fee_bps=100
2025-10-29T02:19:09.402Z venue=meteora pool=HTvjzsfX3yU6BUodCjZ5vZkUrAxMDTrBs3CJaq43ashR price=194.4426300805606 slot=376480987 fee_bps=1
2025-10-29T02:19:09.405Z venue=raydium pool=EXHyQxMSttcvLPwjENnXCPZ8GmLjJYHtNBnAkcFeFKMn price=194.39040637700094 slot=376480987 fee_bps=100
2025-10-29T02:19:09.406Z venue=raydium pool=8sLbNZoA1cfnvMJLPfp98ZLAnFSYCFApfJKMbiXNLwxj price=194.41989338565173 slot=376480987 fee_bps=100
2025-10-29T02:19:09.407Z venue=raydium pool=8sLbNZoA1cfnvMJLPfp98ZLAnFSYCFApfJKMbiXNLwxj price=194.38122202450617 slot=376480987 fee_bps=100
2025-10-29T02:19:09.409Z venue=raydium pool=EXHyQxMSttcvLPwjENnXCPZ8GmLjJYHtNBnAkcFeFKMn price=194.39040637700094 slot=376480987 fee_bps=100
2025-10-29T02:19:09.410Z venue=meteora pool=HTvjzsfX3yU6BUodCjZ5vZkUrAxMDTrBs3CJaq43ashR price=194.4426300805606 slot=376480987 fee_bps=1
2025-10-29T02:19:09.728Z venue=meteora pool=HTvjzsfX3yU6BUodCjZ5vZkUrAxMDTrBs3CJaq43ashR price=194.4426300805606 slot=376480988 fee_bps=1
2025-10-29T02:19:09.729Z venue=meteora pool=HTvjzsfX3yU6BUodCjZ5vZkUrAxMDTrBs3CJaq43ashR price=194.4426300805606 slot=376480988 fee_bps=1
2025-10-29T02:19:10.017Z venue=meteora pool=HTvjzsfX3yU6BUodCjZ5vZkUrAxMDTrBs3CJaq43ashR price=194.4426300805606 slot=376480989 fee_bps=1
2025-10-29T02:19:10.086Z venue=meteora pool=BGm1tav58oGcsQJehL9WXBFXF7D27vZsKefj4xJKD5Y price=194.33320417474852 slot=376480989 fee_bps=10
2025-10-29T02:19:10.086Z venue=raydium pool=8sLbNZoA1cfnvMJLPfp98ZLAnFSYCFApfJKMbiXNLwxj price=194.38122202450617 slot=376480989 fee_bps=100
2025-10-29T02:19:10.087Z venue=meteora pool=BGm1tav58oGcsQJehL9WXBFXF7D27vZsKefj4xJKD5Y price=194.33320417474852 slot=376480989 fee_bps=10
2025-10-29T02:19:10.087Z venue=meteora pool=HTvjzsfX3yU6BUodCjZ5vZkUrAxMDTrBs3CJaq43ashR price=194.4426300805606 slot=376480989 fee_bps=1
2025-10-29T02:19:10.088Z venue=raydium pool=8sLbNZoA1cfnvMJLPfp98ZLAnFSYCFApfJKMbiXNLwxj price=194.38122202450617 slot=376480989 fee_bps=100
2025-10-29T02:19:10.088Z venue=raydium pool=8sLbNZoA1cfnvMJLPfp98ZLAnFSYCFApfJKMbiXNLwxj price=194.3842630259159 slot=376480989 fee_bps=100
2025-10-29T02:19:10.224Z venue=meteora pool=BGm1tav58oGcsQJehL9WXBFXF7D27vZsKefj4xJKD5Y price=194.33320417474852 slot=376480983 fee_bps=10
2025-10-29T02:19:10.456Z venue=meteora pool=BGm1tav58oGcsQJehL9WXBFXF7D27vZsKefj4xJKD5Y price=194.33320417474852 slot=376480990 fee_bps=10
2025-10-29T02:19:10.457Z venue=meteora pool=HTvjzsfX3yU6BUodCjZ5vZkUrAxMDTrBs3CJaq43ashR price=194.4426300805606 slot=376480990 fee_bps=1
2025-10-29T02:19:10.457Z venue=meteora pool=BGm1tav58oGcsQJehL9WXBFXF7D27vZsKefj4xJKD5Y price=194.33320417474852 slot=376480990 fee_bps=10
2025-10-29T02:19:10.458Z venue=raydium pool=8sLbNZoA1cfnvMJLPfp98ZLAnFSYCFApfJKMbiXNLwxj price=194.3842630259159 slot=376480990 fee_bps=100
2025-10-29T02:19:10.459Z venue=raydium pool=8sLbNZoA1cfnvMJLPfp98ZLAnFSYCFApfJKMbiXNLwxj price=194.40661324657418 slot=376480990 fee_bps=100
2025-10-29T02:19:10.459Z venue=raydium pool=8sLbNZoA1cfnvMJLPfp98ZLAnFSYCFApfJKMbiXNLwxj price=194.40661324657418 slot=376480990 fee_bps=100
2025-10-29T02:19:10.586Z venue=meteora pool=HTvjzsfX3yU6BUodCjZ5vZkUrAxMDTrBs3CJaq43ashR price=194.4426300805606 slot=376480990 fee_bps=1
2025-10-29T02:19:10.622Z venue=raydium pool=8sLbNZoA1cfnvMJLPfp98ZLAnFSYCFApfJKMbiXNLwxj price=194.40661324657418 slot=376480991 fee_bps=100
2025-10-29T02:19:10.623Z venue=raydium pool=8sLbNZoA1cfnvMJLPfp98ZLAnFSYCFApfJKMbiXNLwxj price=194.38122131881863 slot=376480991 fee_bps=100
2025-10-29T02:19:10.623Z venue=raydium pool=8sLbNZoA1cfnvMJLPfp98ZLAnFSYCFApfJKMbiXNLwxj price=194.38122131881863 slot=376480991 fee_bps=100
2025-10-29T02:19:10.781Z venue=meteora pool=BGm1tav58oGcsQJehL9WXBFXF7D27vZsKefj4xJKD5Y price=194.33320417474852 slot=376480984 fee_bps=10
2025-10-29T02:19:10.952Z venue=raydium pool=EXHyQxMSttcvLPwjENnXCPZ8GmLjJYHtNBnAkcFeFKMn price=194.39040637700094 slot=376480992 fee_bps=100
2025-10-29T02:19:10.953Z venue=meteora pool=HTvjzsfX3yU6BUodCjZ5vZkUrAxMDTrBs3CJaq43ashR price=194.4426300805606 slot=376480992 fee_bps=1
2025-10-29T02:19:10.953Z venue=raydium pool=8sLbNZoA1cfnvMJLPfp98ZLAnFSYCFApfJKMbiXNLwxj price=194.38122131881863 slot=376480992 fee_bps=100
2025-10-29T02:19:10.954Z venue=raydium pool=EXHyQxMSttcvLPwjENnXCPZ8GmLjJYHtNBnAkcFeFKMn price=194.39040637700094 slot=376480992 fee_bps=100
2025-10-29T02:19:11.178Z venue=raydium pool=EXHyQxMSttcvLPwjENnXCPZ8GmLjJYHtNBnAkcFeFKMn price=194.35313110499044 slot=376480992 fee_bps=100
2025-10-29T02:19:11.179Z venue=raydium pool=8sLbNZoA1cfnvMJLPfp98ZLAnFSYCFApfJKMbiXNLwxj price=194.38122131881863 slot=376480992 fee_bps=100
2025-10-29T02:19:11.180Z venue=raydium pool=8sLbNZoA1cfnvMJLPfp98ZLAnFSYCFApfJKMbiXNLwxj price=194.41407538663884 slot=376480992 fee_bps=100
2025-10-29T02:19:11.311Z venue=meteora pool=HTvjzsfX3yU6BUodCjZ5vZkUrAxMDTrBs3CJaq43ashR price=194.4426300805606 slot=376480992 fee_bps=1
2025-10-29T02:19:11.561Z venue=raydium pool=8sLbNZoA1cfnvMJLPfp98ZLAnFSYCFApfJKMbiXNLwxj price=194.3747160828975 slot=376480993 fee_bps=100
2025-10-29T02:19:11.562Z venue=raydium pool=8sLbNZoA1cfnvMJLPfp98ZLAnFSYCFApfJKMbiXNLwxj price=194.3747160828975 slot=376480993 fee_bps=100
2025-10-29T02:19:11.562Z venue=raydium pool=8sLbNZoA1cfnvMJLPfp98ZLAnFSYCFApfJKMbiXNLwxj price=194.3747160828975 slot=376480993 fee_bps=100
2025-10-29T02:19:11.724Z venue=raydium pool=8sLbNZoA1cfnvMJLPfp98ZLAnFSYCFApfJKMbiXNLwxj price=194.3747160828975 slot=376480994 fee_bps=100
2025-10-29T02:19:11.726Z venue=meteora pool=BGm1tav58oGcsQJehL9WXBFXF7D27vZsKefj4xJKD5Y price=194.33320417474852 slot=376480994 fee_bps=10
2025-10-29T02:19:11.875Z venue=meteora pool=BGm1tav58oGcsQJehL9WXBFXF7D27vZsKefj4xJKD5Y price=194.33320417474852 slot=376480994 fee_bps=10
2025-10-29T02:19:11.876Z venue=raydium pool=8sLbNZoA1cfnvMJLPfp98ZLAnFSYCFApfJKMbiXNLwxj price=194.41466020274882 slot=376480994 fee_bps=100
2025-10-29T02:19:11.876Z venue=raydium pool=8sLbNZoA1cfnvMJLPfp98ZLAnFSYCFApfJKMbiXNLwxj price=194.41466020274882 slot=376480994 fee_bps=100
2025-10-29T02:19:12.159Z venue=raydium pool=8sLbNZoA1cfnvMJLPfp98ZLAnFSYCFApfJKMbiXNLwxj price=194.40345545102562 slot=376480995 fee_bps=100
2025-10-29T02:19:12.159Z venue=raydium pool=8sLbNZoA1cfnvMJLPfp98ZLAnFSYCFApfJKMbiXNLwxj price=194.40345545102562 slot=376480995 fee_bps=100
2025-10-29T02:19:12.159Z venue=raydium pool=8sLbNZoA1cfnvMJLPfp98ZLAnFSYCFApfJKMbiXNLwxj price=194.40345545102562 slot=376480995 fee_bps=100
2025-10-29T02:19:12.223Z venue=lifinity pool=86eq4kdBkUCHGdCC2SfcqGHRCBGhp2M89aCmuvvxaXsm price=208.62193914699213 slot=376480993 fee_bps=13
2025-10-29T02:19:12.226Z venue=lifinity pool=86eq4kdBkUCHGdCC2SfcqGHRCBGhp2M89aCmuvvxaXsm price=208.62193914699213 slot=376480994 fee_bps=13
2025-10-29T02:19:12.529Z venue=raydium pool=8sLbNZoA1cfnvMJLPfp98ZLAnFSYCFApfJKMbiXNLwxj price=194.40345545102562 slot=376480996 fee_bps=100
2025-10-29T02:19:12.531Z venue=raydium pool=8sLbNZoA1cfnvMJLPfp98ZLAnFSYCFApfJKMbiXNLwxj price=194.40345545102562 slot=376480996 fee_bps=100
2025-10-29T02:19:12.531Z venue=raydium pool=8sLbNZoA1cfnvMJLPfp98ZLAnFSYCFApfJKMbiXNLwxj price=194.37002106415537 slot=376480996 fee_bps=100
2025-10-29T02:19:13.050Z venue=raydium pool=8sLbNZoA1cfnvMJLPfp98ZLAnFSYCFApfJKMbiXNLwxj price=194.37002106415537 slot=376480997 fee_bps=100
2025-10-29T02:19:13.052Z venue=raydium pool=8sLbNZoA1cfnvMJLPfp98ZLAnFSYCFApfJKMbiXNLwxj price=194.40712673094026 slot=376480997 fee_bps=100
2025-10-29T02:19:13.052Z venue=raydium pool=8sLbNZoA1cfnvMJLPfp98ZLAnFSYCFApfJKMbiXNLwxj price=194.40712673094026 slot=376480997 fee_bps=100
2025-10-29T02:19:13.216Z venue=meteora pool=HTvjzsfX3yU6BUodCjZ5vZkUrAxMDTrBs3CJaq43ashR price=194.4037473870457 slot=376480988 fee_bps=1
2025-10-29T02:19:13.336Z venue=meteora pool=HTvjzsfX3yU6BUodCjZ5vZkUrAxMDTrBs3CJaq43ashR price=194.4037473870457 slot=376480992 fee_bps=1
2025-10-29T02:19:13.376Z venue=meteora pool=HTvjzsfX3yU6BUodCjZ5vZkUrAxMDTrBs3CJaq43ashR price=194.4037473870457 slot=376480989 fee_bps=1
2025-10-29T02:19:13.424Z venue=meteora pool=HTvjzsfX3yU6BUodCjZ5vZkUrAxMDTrBs3CJaq43ashR price=194.42318776178445 slot=376480983 fee_bps=1
2025-10-29T02:19:13.466Z venue=meteora pool=BGm1tav58oGcsQJehL9WXBFXF7D27vZsKefj4xJKD5Y price=194.33320417474852 slot=376480990 fee_bps=10
2025-10-29T02:19:13.503Z venue=meteora pool=BGm1tav58oGcsQJehL9WXBFXF7D27vZsKefj4xJKD5Y price=194.33320417474852 slot=376480994 fee_bps=10
2025-10-29T02:19:13.540Z venue=meteora pool=BGm1tav58oGcsQJehL9WXBFXF7D27vZsKefj4xJKD5Y price=194.33320417474852 slot=376480989 fee_bps=10
2025-10-29T02:19:13.579Z venue=meteora pool=HTvjzsfX3yU6BUodCjZ5vZkUrAxMDTrBs3CJaq43ashR price=194.4037473870457 slot=376480990 fee_bps=1
2025-10-29T02:19:13.757Z venue=raydium pool=8sLbNZoA1cfnvMJLPfp98ZLAnFSYCFApfJKMbiXNLwxj price=194.38130157808519 slot=376480998 fee_bps=100
2025-10-29T02:19:13.758Z venue=raydium pool=8sLbNZoA1cfnvMJLPfp98ZLAnFSYCFApfJKMbiXNLwxj price=194.38130157808519 slot=376480998 fee_bps=100
2025-10-29T02:19:13.758Z venue=raydium pool=8sLbNZoA1cfnvMJLPfp98ZLAnFSYCFApfJKMbiXNLwxj price=194.38130157808519 slot=376480998 fee_bps=100
2025-10-29T02:19:14.024Z venue=raydium pool=8sLbNZoA1cfnvMJLPfp98ZLAnFSYCFApfJKMbiXNLwxj price=194.41390225506862 slot=376480999 fee_bps=100
2025-10-29T02:19:14.025Z venue=raydium pool=8sLbNZoA1cfnvMJLPfp98ZLAnFSYCFApfJKMbiXNLwxj price=194.41390225506862 slot=376480999 fee_bps=100
2025-10-29T02:19:14.025Z venue=raydium pool=8sLbNZoA1cfnvMJLPfp98ZLAnFSYCFApfJKMbiXNLwxj price=194.41390225506862 slot=376480999 fee_bps=100
2025-10-29T02:19:14.081Z venue=meteora pool=BGm1tav58oGcsQJehL9WXBFXF7D27vZsKefj4xJKD5Y price=194.33320417474852 slot=376481000 fee_bps=10
2025-10-29T02:19:14.081Z venue=meteora pool=BGm1tav58oGcsQJehL9WXBFXF7D27vZsKefj4xJKD5Y price=194.33320417474852 slot=376481000 fee_bps=10
2025-10-29T02:19:14.082Z venue=raydium pool=8sLbNZoA1cfnvMJLPfp98ZLAnFSYCFApfJKMbiXNLwxj price=194.41390225506862 slot=376481000 fee_bps=100
2025-10-29T02:19:14.082Z venue=raydium pool=8sLbNZoA1cfnvMJLPfp98ZLAnFSYCFApfJKMbiXNLwxj price=194.3812227273588 slot=376481000 fee_bps=100
2025-10-29T02:19:14.083Z venue=raydium pool=8sLbNZoA1cfnvMJLPfp98ZLAnFSYCFApfJKMbiXNLwxj price=194.3812227273588 slot=376481000 fee_bps=100
2025-10-29T02:19:14.262Z venue=meteora pool=HTvjzsfX3yU6BUodCjZ5vZkUrAxMDTrBs3CJaq43ashR price=194.4037473870457 slot=376480987 fee_bps=1
2025-10-29T02:19:14.390Z venue=meteora pool=BGm1tav58oGcsQJehL9WXBFXF7D27vZsKefj4xJKD5Y price=194.33320417474852 slot=376481001 fee_bps=10
2025-10-29T02:19:14.391Z venue=meteora pool=BGm1tav58oGcsQJehL9WXBFXF7D27vZsKefj4xJKD5Y price=194.33320417474852 slot=376481001 fee_bps=10
2025-10-29T02:19:14.704Z venue=raydium pool=EXHyQxMSttcvLPwjENnXCPZ8GmLjJYHtNBnAkcFeFKMn price=194.35313110499044 slot=376481002 fee_bps=100
2025-10-29T02:19:14.705Z venue=meteora pool=HTvjzsfX3yU6BUodCjZ5vZkUrAxMDTrBs3CJaq43ashR price=194.4037473870457 slot=376481002 fee_bps=1
2025-10-29T02:19:14.706Z venue=orca pool=FpCMFDFGYotvufJ7HrFHsWEiiQCGbkLCtwHiDnh7o28Q price=194.43488268893205 slot=376481002 fee_bps=2
2025-10-29T02:19:14.706Z venue=orca pool=FpCMFDFGYotvufJ7HrFHsWEiiQCGbkLCtwHiDnh7o28Q price=194.43488268893205 slot=376481002 fee_bps=2
2025-10-29T02:19:14.707Z venue=orca pool=FpCMFDFGYotvufJ7HrFHsWEiiQCGbkLCtwHiDnh7o28Q price=194.422985087289 slot=376481002 fee_bps=2
2025-10-29T02:19:14.708Z venue=meteora pool=BGm1tav58oGcsQJehL9WXBFXF7D27vZsKefj4xJKD5Y price=194.33320417474852 slot=376481002 fee_bps=10
2025-10-29T02:19:14.709Z venue=raydium pool=EXHyQxMSttcvLPwjENnXCPZ8GmLjJYHtNBnAkcFeFKMn price=194.35313110499044 slot=376481002 fee_bps=100
2025-10-29T02:19:14.709Z venue=raydium pool=EXHyQxMSttcvLPwjENnXCPZ8GmLjJYHtNBnAkcFeFKMn price=194.35802360252856 slot=376481002 fee_bps=100
2025-10-29T02:19:14.903Z venue=meteora pool=BGm1tav58oGcsQJehL9WXBFXF7D27vZsKefj4xJKD5Y price=194.33320417474852 slot=376481002 fee_bps=10
2025-10-29T02:19:14.903Z venue=meteora pool=HTvjzsfX3yU6BUodCjZ5vZkUrAxMDTrBs3CJaq43ashR price=194.4037473870457 slot=376481002 fee_bps=1
2025-10-29T02:19:14.904Z venue=raydium pool=8sLbNZoA1cfnvMJLPfp98ZLAnFSYCFApfJKMbiXNLwxj price=194.41311516928062 slot=376481002 fee_bps=100
2025-10-29T02:19:14.904Z venue=raydium pool=8sLbNZoA1cfnvMJLPfp98ZLAnFSYCFApfJKMbiXNLwxj price=194.41311516928062 slot=376481002 fee_bps=100
2025-10-29T02:19:14.904Z venue=raydium pool=8sLbNZoA1cfnvMJLPfp98ZLAnFSYCFApfJKMbiXNLwxj price=194.41311516928062 slot=376481002 fee_bps=100
2025-10-29T02:19:15.155Z venue=raydium pool=8sLbNZoA1cfnvMJLPfp98ZLAnFSYCFApfJKMbiXNLwxj price=194.41311516928062 slot=376481003 fee_bps=100
2025-10-29T02:19:15.155Z venue=meteora pool=HTvjzsfX3yU6BUodCjZ5vZkUrAxMDTrBs3CJaq43ashR price=194.4037473870457 slot=376481003 fee_bps=1
2025-10-29T02:19:15.156Z venue=meteora pool=HTvjzsfX3yU6BUodCjZ5vZkUrAxMDTrBs3CJaq43ashR price=194.4037473870457 slot=376481003 fee_bps=1
2025-10-29T02:19:15.156Z venue=raydium pool=8sLbNZoA1cfnvMJLPfp98ZLAnFSYCFApfJKMbiXNLwxj price=194.41311516928062 slot=376481003 fee_bps=100
2025-10-29T02:19:15.157Z venue=raydium pool=8sLbNZoA1cfnvMJLPfp98ZLAnFSYCFApfJKMbiXNLwxj price=194.40836927846323 slot=376481003 fee_bps=100
2025-10-29T02:19:15.457Z venue=raydium pool=8sLbNZoA1cfnvMJLPfp98ZLAnFSYCFApfJKMbiXNLwxj price=194.4054398591775 slot=376481004 fee_bps=100
2025-10-29T02:19:15.458Z venue=meteora pool=HTvjzsfX3yU6BUodCjZ5vZkUrAxMDTrBs3CJaq43ashR price=194.4037473870457 slot=376481004 fee_bps=1
2025-10-29T02:19:15.459Z venue=raydium pool=8sLbNZoA1cfnvMJLPfp98ZLAnFSYCFApfJKMbiXNLwxj price=194.4054398591775 slot=376481004 fee_bps=100
2025-10-29T02:19:15.459Z venue=raydium pool=8sLbNZoA1cfnvMJLPfp98ZLAnFSYCFApfJKMbiXNLwxj price=194.4054398591775 slot=376481004 fee_bps=100
2025-10-29T02:19:15.459Z venue=meteora pool=HTvjzsfX3yU6BUodCjZ5vZkUrAxMDTrBs3CJaq43ashR price=194.4037473870457 slot=376481004 fee_bps=1
2025-10-29T02:19:16.012Z venue=raydium pool=8sLbNZoA1cfnvMJLPfp98ZLAnFSYCFApfJKMbiXNLwxj price=194.4054398591775 slot=376481005 fee_bps=100
2025-10-29T02:19:16.014Z venue=raydium pool=8sLbNZoA1cfnvMJLPfp98ZLAnFSYCFApfJKMbiXNLwxj price=194.42372517147973 slot=376481005 fee_bps=100
2025-10-29T02:19:16.015Z venue=meteora pool=HTvjzsfX3yU6BUodCjZ5vZkUrAxMDTrBs3CJaq43ashR price=194.4037473870457 slot=376481005 fee_bps=1
2025-10-29T02:19:16.015Z venue=meteora pool=HTvjzsfX3yU6BUodCjZ5vZkUrAxMDTrBs3CJaq43ashR price=194.4037473870457 slot=376481005 fee_bps=1
2025-10-29T02:19:16.015Z venue=raydium pool=8sLbNZoA1cfnvMJLPfp98ZLAnFSYCFApfJKMbiXNLwxj price=194.42372517147973 slot=376481005 fee_bps=100
2025-10-29T02:19:16.271Z venue=raydium pool=EXHyQxMSttcvLPwjENnXCPZ8GmLjJYHtNBnAkcFeFKMn price=194.35802360252856 slot=376481006 fee_bps=100
2025-10-29T02:19:16.271Z venue=meteora pool=BGm1tav58oGcsQJehL9WXBFXF7D27vZsKefj4xJKD5Y price=194.33320417474852 slot=376481006 fee_bps=10
2025-10-29T02:19:16.272Z venue=raydium pool=8sLbNZoA1cfnvMJLPfp98ZLAnFSYCFApfJKMbiXNLwxj price=194.42372517147973 slot=376481006 fee_bps=100
2025-10-29T02:19:16.389Z venue=raydium pool=EXHyQxMSttcvLPwjENnXCPZ8GmLjJYHtNBnAkcFeFKMn price=194.35802360252856 slot=376481006 fee_bps=100
2025-10-29T02:19:16.390Z venue=meteora pool=HTvjzsfX3yU6BUodCjZ5vZkUrAxMDTrBs3CJaq43ashR price=194.4037473870457 slot=376481006 fee_bps=1
2025-10-29T02:19:16.390Z venue=meteora pool=HTvjzsfX3yU6BUodCjZ5vZkUrAxMDTrBs3CJaq43ashR price=194.4037473870457 slot=376481006 fee_bps=1
2025-10-29T02:19:16.390Z venue=raydium pool=EXHyQxMSttcvLPwjENnXCPZ8GmLjJYHtNBnAkcFeFKMn price=194.3608432028017 slot=376481006 fee_bps=100
2025-10-29T02:19:16.461Z venue=raydium pool=8sLbNZoA1cfnvMJLPfp98ZLAnFSYCFApfJKMbiXNLwxj price=194.40122884979368 slot=376481006 fee_bps=100
2025-10-29T02:19:16.462Z venue=meteora pool=BGm1tav58oGcsQJehL9WXBFXF7D27vZsKefj4xJKD5Y price=194.33320417474852 slot=376481006 fee_bps=10
2025-10-29T02:19:16.462Z venue=raydium pool=8sLbNZoA1cfnvMJLPfp98ZLAnFSYCFApfJKMbiXNLwxj price=194.40122884979368 slot=376481006 fee_bps=100
2025-10-29T02:19:16.703Z venue=meteora pool=BGm1tav58oGcsQJehL9WXBFXF7D27vZsKefj4xJKD5Y price=194.33320417474852 slot=376481007 fee_bps=10
2025-10-29T02:19:16.704Z venue=meteora pool=BGm1tav58oGcsQJehL9WXBFXF7D27vZsKefj4xJKD5Y price=194.33320417474852 slot=376481007 fee_bps=10
2025-10-29T02:19:17.031Z venue=orca pool=Czfq3xZZDmsdGdUyrNLtRhGc47cXcZtLG4crryfu44zE price=194.44153899100704 slot=376481008 fee_bps=4
2025-10-29T02:19:17.032Z venue=orca pool=Czfq3xZZDmsdGdUyrNLtRhGc47cXcZtLG4crryfu44zE price=194.44153899100704 slot=376481008 fee_bps=4
2025-10-29T02:19:17.082Z venue=raydium pool=8sLbNZoA1cfnvMJLPfp98ZLAnFSYCFApfJKMbiXNLwxj price=194.40122884979368 slot=376481008 fee_bps=100
2025-10-29T02:19:17.083Z venue=orca pool=Czfq3xZZDmsdGdUyrNLtRhGc47cXcZtLG4crryfu44zE price=194.44153899100704 slot=376481008 fee_bps=4
2025-10-29T02:19:17.083Z venue=raydium pool=8sLbNZoA1cfnvMJLPfp98ZLAnFSYCFApfJKMbiXNLwxj price=194.4248355672102 slot=376481008 fee_bps=100
2025-10-29T02:19:17.084Z venue=raydium pool=8sLbNZoA1cfnvMJLPfp98ZLAnFSYCFApfJKMbiXNLwxj price=194.4248355672102 slot=376481008 fee_bps=100
2025-10-29T02:19:17.710Z venue=orca pool=FpCMFDFGYotvufJ7HrFHsWEiiQCGbkLCtwHiDnh7o28Q price=194.422985087289 slot=376481009 fee_bps=2
2025-10-29T02:19:17.711Z venue=raydium pool=8sLbNZoA1cfnvMJLPfp98ZLAnFSYCFApfJKMbiXNLwxj price=194.4248355672102 slot=376481009 fee_bps=100
2025-10-29T02:19:17.712Z venue=raydium pool=8sLbNZoA1cfnvMJLPfp98ZLAnFSYCFApfJKMbiXNLwxj price=194.4248355672102 slot=376481009 fee_bps=100
2025-10-29T02:19:17.712Z venue=raydium pool=8sLbNZoA1cfnvMJLPfp98ZLAnFSYCFApfJKMbiXNLwxj price=194.40122894714727 slot=376481009 fee_bps=100
2025-10-29T02:19:17.942Z venue=meteora pool=BGm1tav58oGcsQJehL9WXBFXF7D27vZsKefj4xJKD5Y price=194.33320417474852 slot=376481010 fee_bps=10
2025-10-29T02:19:17.943Z venue=raydium pool=EXHyQxMSttcvLPwjENnXCPZ8GmLjJYHtNBnAkcFeFKMn price=194.3608432028017 slot=376481010 fee_bps=100
2025-10-29T02:19:17.944Z venue=raydium pool=8sLbNZoA1cfnvMJLPfp98ZLAnFSYCFApfJKMbiXNLwxj price=194.40122894714727 slot=376481010 fee_bps=100
2025-10-29T02:19:17.945Z venue=raydium pool=8sLbNZoA1cfnvMJLPfp98ZLAnFSYCFApfJKMbiXNLwxj price=194.39697415467194 slot=376481010 fee_bps=100
2025-10-29T02:19:18.235Z venue=raydium pool=EXHyQxMSttcvLPwjENnXCPZ8GmLjJYHtNBnAkcFeFKMn price=194.3608432028017 slot=376481010 fee_bps=100
2025-10-29T02:19:18.235Z venue=meteora pool=BGm1tav58oGcsQJehL9WXBFXF7D27vZsKefj4xJKD5Y price=194.33320417474852 slot=376481010 fee_bps=10
2025-10-29T02:19:18.235Z venue=raydium pool=8sLbNZoA1cfnvMJLPfp98ZLAnFSYCFApfJKMbiXNLwxj price=194.39697415467194 slot=376481010 fee_bps=100
2025-10-29T02:19:18.236Z venue=raydium pool=EXHyQxMSttcvLPwjENnXCPZ8GmLjJYHtNBnAkcFeFKMn price=194.3738611541089 slot=376481010 fee_bps=100
2025-10-29T02:19:18.408Z venue=meteora pool=BGm1tav58oGcsQJehL9WXBFXF7D27vZsKefj4xJKD5Y price=194.33320417474852 slot=376481002 fee_bps=10
2025-10-29T02:19:18.454Z venue=meteora pool=BGm1tav58oGcsQJehL9WXBFXF7D27vZsKefj4xJKD5Y price=194.33320417474852 slot=376481000 fee_bps=10
2025-10-29T02:19:18.500Z venue=meteora pool=BGm1tav58oGcsQJehL9WXBFXF7D27vZsKefj4xJKD5Y price=194.33320417474852 slot=376481001 fee_bps=10
2025-10-29T02:19:18.606Z venue=orca pool=FpCMFDFGYotvufJ7HrFHsWEiiQCGbkLCtwHiDnh7o28Q price=194.422985087289 slot=376481011 fee_bps=2
2025-10-29T02:19:18.898Z venue=meteora pool=BGm1tav58oGcsQJehL9WXBFXF7D27vZsKefj4xJKD5Y price=194.33320417474852 slot=376481007 fee_bps=10
2025-10-29T02:19:18.968Z venue=raydium pool=58oQChx4yWmvKdwLLZzBi4ChoCc2fqCUWBkwMihLYQo2 price=194.22018453333368 slot=376481011 fee_bps=25
2025-10-29T02:19:18.969Z venue=raydium pool=3ucNos4NbumPLZNWztqGHNFFgkHeRMBQAVemeeomsUxv price=194.43575787155203 slot=376481011 fee_bps=400
2025-10-29T02:19:18.970Z venue=raydium pool=CYbD9RaToYMtWKA7QZyoLahnHdWq553Vm62Lh6qWtuxq price=194.40799613811956 slot=376481011 fee_bps=200
2025-10-29T02:19:18.971Z venue=raydium pool=8sLbNZoA1cfnvMJLPfp98ZLAnFSYCFApfJKMbiXNLwxj price=194.39697415467194 slot=376481011 fee_bps=100
2025-10-29T02:19:18.971Z venue=raydium pool=EXHyQxMSttcvLPwjENnXCPZ8GmLjJYHtNBnAkcFeFKMn price=194.3738611541089 slot=376481011 fee_bps=100
2025-10-29T02:19:18.972Z venue=orca pool=Czfq3xZZDmsdGdUyrNLtRhGc47cXcZtLG4crryfu44zE price=194.44153899100704 slot=376481011 fee_bps=4
2025-10-29T02:19:18.973Z venue=orca pool=FpCMFDFGYotvufJ7HrFHsWEiiQCGbkLCtwHiDnh7o28Q price=194.422985087289 slot=376481011 fee_bps=2
2025-10-29T02:19:18.973Z venue=orca pool=7qbRF6YsyGuLUVs6Y1q64bdVrfe4ZcUUz1JRdoVNUJnm price=194.4119362341395 slot=376481011 fee_bps=5
2025-10-29T02:19:18.974Z venue=orca pool=HJPjoWUrhoZzkNfRpHuieeFk9WcZWjwy6PBjZ81ngndJ price=194.21683535173577 slot=376481011 fee_bps=30
2025-10-29T02:19:19.307Z venue=meteora pool=BGm1tav58oGcsQJehL9WXBFXF7D27vZsKefj4xJKD5Y price=194.33320417474852 slot=376481006 fee_bps=10
2025-10-29T02:19:19.476Z venue=meteora pool=BGm1tav58oGcsQJehL9WXBFXF7D27vZsKefj4xJKD5Y price=194.33320417474852 slot=376481013 fee_bps=10
2025-10-29T02:19:19.477Z venue=meteora pool=BGm1tav58oGcsQJehL9WXBFXF7D27vZsKefj4xJKD5Y price=194.33320417474852 slot=376481013 fee_bps=10
2025-10-29T02:19:19.761Z venue=raydium pool=8sLbNZoA1cfnvMJLPfp98ZLAnFSYCFApfJKMbiXNLwxj price=194.39697415467194 slot=376481014 fee_bps=100
2025-10-29T02:19:19.762Z venue=raydium pool=EXHyQxMSttcvLPwjENnXCPZ8GmLjJYHtNBnAkcFeFKMn price=194.3738611541089 slot=376481014 fee_bps=100
2025-10-29T02:19:19.763Z venue=raydium pool=8sLbNZoA1cfnvMJLPfp98ZLAnFSYCFApfJKMbiXNLwxj price=194.39978236309156 slot=376481014 fee_bps=100
2025-10-29T02:19:19.763Z venue=raydium pool=EXHyQxMSttcvLPwjENnXCPZ8GmLjJYHtNBnAkcFeFKMn price=194.3738611541089 slot=376481014 fee_bps=100
2025-10-29T02:19:19.764Z venue=raydium pool=EXHyQxMSttcvLPwjENnXCPZ8GmLjJYHtNBnAkcFeFKMn price=194.4362175438661 slot=376481014 fee_bps=100
2025-10-29T02:19:19.764Z venue=raydium pool=8sLbNZoA1cfnvMJLPfp98ZLAnFSYCFApfJKMbiXNLwxj price=194.39978236309156 slot=376481014 fee_bps=100
2025-10-29T02:19:20.219Z venue=raydium pool=8sLbNZoA1cfnvMJLPfp98ZLAnFSYCFApfJKMbiXNLwxj price=194.39978236309156 slot=376481016 fee_bps=100
2025-10-29T02:19:20.220Z venue=raydium pool=8sLbNZoA1cfnvMJLPfp98ZLAnFSYCFApfJKMbiXNLwxj price=194.4264581190585 slot=376481016 fee_bps=100
2025-10-29T02:19:20.340Z venue=orca pool=FpCMFDFGYotvufJ7HrFHsWEiiQCGbkLCtwHiDnh7o28Q price=194.422985087289 slot=376481016 fee_bps=2
2025-10-29T02:19:20.382Z venue=raydium pool=8sLbNZoA1cfnvMJLPfp98ZLAnFSYCFApfJKMbiXNLwxj price=194.4264581190585 slot=376481016 fee_bps=100
2025-10-29T02:19:21.250Z venue=meteora pool=BGm1tav58oGcsQJehL9WXBFXF7D27vZsKefj4xJKD5Y price=194.33320417474852 slot=376481018 fee_bps=10
2025-10-29T02:19:21.367Z venue=meteora pool=BGm1tav58oGcsQJehL9WXBFXF7D27vZsKefj4xJKD5Y price=194.33320417474852 slot=376481018 fee_bps=10
2025-10-29T02:19:21.518Z venue=raydium pool=3ucNos4NbumPLZNWztqGHNFFgkHeRMBQAVemeeomsUxv price=194.43575787155203 slot=376481019 fee_bps=400
2025-10-29T02:19:21.519Z venue=meteora pool=BGm1tav58oGcsQJehL9WXBFXF7D27vZsKefj4xJKD5Y price=194.33320417474852 slot=376481019 fee_bps=10
2025-10-29T02:19:21.519Z venue=raydium pool=3ucNos4NbumPLZNWztqGHNFFgkHeRMBQAVemeeomsUxv price=194.43575787155203 slot=376481019 fee_bps=400
2025-10-29T02:19:21.520Z venue=orca pool=FpCMFDFGYotvufJ7HrFHsWEiiQCGbkLCtwHiDnh7o28Q price=194.422985087289 slot=376481019 fee_bps=2
2025-10-29T02:19:21.521Z venue=raydium pool=3ucNos4NbumPLZNWztqGHNFFgkHeRMBQAVemeeomsUxv price=194.43594667246205 slot=376481019 fee_bps=400
2025-10-29T02:19:21.522Z venue=meteora pool=BGm1tav58oGcsQJehL9WXBFXF7D27vZsKefj4xJKD5Y price=194.33320417474852 slot=376481019 fee_bps=10
2025-10-29T02:19:21.677Z venue=meteora pool=HTvjzsfX3yU6BUodCjZ5vZkUrAxMDTrBs3CJaq43ashR price=194.42318776178445 slot=376481005 fee_bps=1
2025-10-29T02:19:21.717Z venue=meteora pool=HTvjzsfX3yU6BUodCjZ5vZkUrAxMDTrBs3CJaq43ashR price=194.42318776178445 slot=376481004 fee_bps=1
2025-10-29T02:19:21.754Z venue=meteora pool=HTvjzsfX3yU6BUodCjZ5vZkUrAxMDTrBs3CJaq43ashR price=194.4037473870457 slot=376481003 fee_bps=1
2025-10-29T02:19:21.793Z venue=meteora pool=HTvjzsfX3yU6BUodCjZ5vZkUrAxMDTrBs3CJaq43ashR price=194.4037473870457 slot=376481002 fee_bps=1
2025-10-29T02:19:21.825Z venue=meteora pool=HTvjzsfX3yU6BUodCjZ5vZkUrAxMDTrBs3CJaq43ashR price=194.42318776178445 slot=376481006 fee_bps=1
2025-10-29T02:19:21.880Z venue=meteora pool=BGm1tav58oGcsQJehL9WXBFXF7D27vZsKefj4xJKD5Y price=194.33320417474852 slot=376481010 fee_bps=10
2025-10-29T02:19:21.913Z venue=meteora pool=BGm1tav58oGcsQJehL9WXBFXF7D27vZsKefj4xJKD5Y price=194.33320417474852 slot=376481011 fee_bps=10
2025-10-29T02:19:22.193Z venue=raydium pool=3ucNos4NbumPLZNWztqGHNFFgkHeRMBQAVemeeomsUxv price=194.43594667246205 slot=376481021 fee_bps=400
2025-10-29T02:19:22.194Z venue=meteora pool=BGm1tav58oGcsQJehL9WXBFXF7D27vZsKefj4xJKD5Y price=194.33320417474852 slot=376481021 fee_bps=10
2025-10-29T02:19:22.194Z venue=raydium pool=3ucNos4NbumPLZNWztqGHNFFgkHeRMBQAVemeeomsUxv price=194.43594667246205 slot=376481021 fee_bps=400
2025-10-29T02:19:22.195Z venue=raydium pool=3ucNos4NbumPLZNWztqGHNFFgkHeRMBQAVemeeomsUxv price=194.43593941688798 slot=376481021 fee_bps=400
2025-10-29T02:19:22.195Z venue=meteora pool=BGm1tav58oGcsQJehL9WXBFXF7D27vZsKefj4xJKD5Y price=194.33320417474852 slot=376481021 fee_bps=10
2025-10-29T02:19:22.479Z venue=meteora pool=BGm1tav58oGcsQJehL9WXBFXF7D27vZsKefj4xJKD5Y price=194.33320417474852 slot=376481013 fee_bps=10
2025-10-29T02:19:22.536Z venue=meteora pool=BGm1tav58oGcsQJehL9WXBFXF7D27vZsKefj4xJKD5Y price=194.33320417474852 slot=376481022 fee_bps=10
2025-10-29T02:19:22.536Z venue=meteora pool=BGm1tav58oGcsQJehL9WXBFXF7D27vZsKefj4xJKD5Y price=194.33320417474852 slot=376481022 fee_bps=10
2025-10-29T02:19:22.880Z venue=meteora pool=BGm1tav58oGcsQJehL9WXBFXF7D27vZsKefj4xJKD5Y price=194.33320417474852 slot=376481018 fee_bps=10
2025-10-29T02:19:22.972Z venue=meteora pool=BGm1tav58oGcsQJehL9WXBFXF7D27vZsKefj4xJKD5Y price=194.33320417474852 slot=376481023 fee_bps=10
2025-10-29T02:19:22.973Z venue=meteora pool=BGm1tav58oGcsQJehL9WXBFXF7D27vZsKefj4xJKD5Y price=194.33320417474852 slot=376481023 fee_bps=10
2025-10-29T02:19:23.254Z venue=meteora pool=HTvjzsfX3yU6BUodCjZ5vZkUrAxMDTrBs3CJaq43ashR price=194.42318776178445 slot=376481024 fee_bps=1
2025-10-29T02:19:23.255Z venue=meteora pool=HTvjzsfX3yU6BUodCjZ5vZkUrAxMDTrBs3CJaq43ashR price=194.42318776178445 slot=376481024 fee_bps=1
2025-10-29T02:19:23.462Z venue=meteora pool=BVRbyLjjfSBcoyiYFuxbgKYnWuiFaF9CSXEa5vdSZ9Hh price=193.91018596618432 slot=376481011 fee_bps=20
2025-10-29T02:19:26.363Z venue=meteora pool=HTvjzsfX3yU6BUodCjZ5vZkUrAxMDTrBs3CJaq43ashR price=194.42318776178445 slot=376481026 fee_bps=1
2025-10-29T02:19:26.364Z venue=meteora pool=HTvjzsfX3yU6BUodCjZ5vZkUrAxMDTrBs3CJaq43ashR price=194.42318776178445 slot=376481026 fee_bps=1
2025-10-29T02:19:26.424Z venue=raydium pool=3ucNos4NbumPLZNWztqGHNFFgkHeRMBQAVemeeomsUxv price=194.43593941688798 slot=376481027 fee_bps=400
2025-10-29T02:19:26.424Z venue=raydium pool=3ucNos4NbumPLZNWztqGHNFFgkHeRMBQAVemeeomsUxv price=194.43593941688798 slot=376481027 fee_bps=400
2025-10-29T02:19:26.424Z venue=meteora pool=BGm1tav58oGcsQJehL9WXBFXF7D27vZsKefj4xJKD5Y price=194.33320417474852 slot=376481027 fee_bps=10
2025-10-29T02:19:26.425Z venue=raydium pool=3ucNos4NbumPLZNWztqGHNFFgkHeRMBQAVemeeomsUxv price=194.43592780377298 slot=376481027 fee_bps=400
2025-10-29T02:19:26.426Z venue=meteora pool=BGm1tav58oGcsQJehL9WXBFXF7D27vZsKefj4xJKD5Y price=194.33320417474852 slot=376481027 fee_bps=10
2025-10-29T02:19:27.687Z venue=raydium pool=EXHyQxMSttcvLPwjENnXCPZ8GmLjJYHtNBnAkcFeFKMn price=194.4362175438661 slot=376481028 fee_bps=100
2025-10-29T02:19:27.688Z venue=raydium pool=EXHyQxMSttcvLPwjENnXCPZ8GmLjJYHtNBnAkcFeFKMn price=194.4362175438661 slot=376481028 fee_bps=100
2025-10-29T02:19:27.688Z venue=raydium pool=EXHyQxMSttcvLPwjENnXCPZ8GmLjJYHtNBnAkcFeFKMn price=194.43697088379858 slot=376481028 fee_bps=100
2025-10-29T02:19:28.202Z venue=orca pool=FpCMFDFGYotvufJ7HrFHsWEiiQCGbkLCtwHiDnh7o28Q price=194.422985087289 slot=376481030 fee_bps=2
2025-10-29T02:19:28.203Z venue=raydium pool=CYbD9RaToYMtWKA7QZyoLahnHdWq553Vm62Lh6qWtuxq price=194.40799613811956 slot=376481030 fee_bps=200
2025-10-29T02:19:28.204Z venue=raydium pool=CYbD9RaToYMtWKA7QZyoLahnHdWq553Vm62Lh6qWtuxq price=194.40799613811956 slot=376481030 fee_bps=200
2025-10-29T02:19:28.205Z venue=raydium pool=CYbD9RaToYMtWKA7QZyoLahnHdWq553Vm62Lh6qWtuxq price=194.4082066393719 slot=376481030 fee_bps=200
2025-10-29T02:19:28.205Z venue=raydium pool=8sLbNZoA1cfnvMJLPfp98ZLAnFSYCFApfJKMbiXNLwxj price=194.4264581190585 slot=376481030 fee_bps=100
2025-10-29T02:19:28.205Z venue=orca pool=FpCMFDFGYotvufJ7HrFHsWEiiQCGbkLCtwHiDnh7o28Q price=194.422985087289 slot=376481030 fee_bps=2
2025-10-29T02:19:28.206Z venue=raydium pool=8sLbNZoA1cfnvMJLPfp98ZLAnFSYCFApfJKMbiXNLwxj price=194.4269744852995 slot=376481030 fee_bps=100
2025-10-29T02:19:28.206Z venue=raydium pool=8sLbNZoA1cfnvMJLPfp98ZLAnFSYCFApfJKMbiXNLwxj price=194.4269744852995 slot=376481030 fee_bps=100
2025-10-29T02:19:28.445Z venue=orca pool=FpCMFDFGYotvufJ7HrFHsWEiiQCGbkLCtwHiDnh7o28Q price=194.4527175334475 slot=376481030 fee_bps=2
2025-10-29T02:19:28.446Z venue=meteora pool=HTvjzsfX3yU6BUodCjZ5vZkUrAxMDTrBs3CJaq43ashR price=194.42318776178445 slot=376481031 fee_bps=1
2025-10-29T02:19:28.446Z venue=raydium pool=CYbD9RaToYMtWKA7QZyoLahnHdWq553Vm62Lh6qWtuxq price=194.4082066393719 slot=376481031 fee_bps=200
2025-10-29T02:19:28.446Z venue=meteora pool=HTvjzsfX3yU6BUodCjZ5vZkUrAxMDTrBs3CJaq43ashR price=194.42318776178445 slot=376481031 fee_bps=1
2025-10-29T02:19:28.447Z venue=raydium pool=CYbD9RaToYMtWKA7QZyoLahnHdWq553Vm62Lh6qWtuxq price=194.4082066393719 slot=376481031 fee_bps=200
2025-10-29T02:19:28.447Z venue=raydium pool=CYbD9RaToYMtWKA7QZyoLahnHdWq553Vm62Lh6qWtuxq price=194.44884378494785 slot=376481031 fee_bps=200
2025-10-29T02:19:28.726Z venue=meteora pool=BGm1tav58oGcsQJehL9WXBFXF7D27vZsKefj4xJKD5Y price=194.33320417474852 slot=376481032 fee_bps=10
2025-10-29T02:19:28.727Z venue=meteora pool=BGm1tav58oGcsQJehL9WXBFXF7D27vZsKefj4xJKD5Y price=194.33320417474852 slot=376481032 fee_bps=10
2025-10-29T02:19:29.013Z venue=meteora pool=HTvjzsfX3yU6BUodCjZ5vZkUrAxMDTrBs3CJaq43ashR price=194.42318776178445 slot=376481034 fee_bps=1
2025-10-29T02:19:29.014Z venue=meteora pool=HTvjzsfX3yU6BUodCjZ5vZkUrAxMDTrBs3CJaq43ashR price=194.42318776178445 slot=376481034 fee_bps=1
2025-10-29T02:19:29.014Z venue=orca pool=FpCMFDFGYotvufJ7HrFHsWEiiQCGbkLCtwHiDnh7o28Q price=194.4527175334475 slot=376481035 fee_bps=2
2025-10-29T02:19:29.015Z venue=meteora pool=HTvjzsfX3yU6BUodCjZ5vZkUrAxMDTrBs3CJaq43ashR price=194.42318776178445 slot=376481035 fee_bps=1
2025-10-29T02:19:29.015Z venue=orca pool=FpCMFDFGYotvufJ7HrFHsWEiiQCGbkLCtwHiDnh7o28Q price=194.4527175334475 slot=376481035 fee_bps=2
2025-10-29T02:19:29.015Z venue=meteora pool=HTvjzsfX3yU6BUodCjZ5vZkUrAxMDTrBs3CJaq43ashR price=194.42318776178445 slot=376481035 fee_bps=1
2025-10-29T02:19:29.152Z venue=orca pool=FpCMFDFGYotvufJ7HrFHsWEiiQCGbkLCtwHiDnh7o28Q price=194.43532246794672 slot=376481035 fee_bps=2
2025-10-29T02:19:29.191Z venue=raydium pool=CYbD9RaToYMtWKA7QZyoLahnHdWq553Vm62Lh6qWtuxq price=194.44884378494785 slot=376481036 fee_bps=200
2025-10-29T02:19:29.191Z venue=raydium pool=CYbD9RaToYMtWKA7QZyoLahnHdWq553Vm62Lh6qWtuxq price=194.44884378494785 slot=376481036 fee_bps=200
2025-10-29T02:19:29.191Z venue=meteora pool=BGm1tav58oGcsQJehL9WXBFXF7D27vZsKefj4xJKD5Y price=194.33320417474852 slot=376481036 fee_bps=10
2025-10-29T02:19:29.192Z venue=meteora pool=HTvjzsfX3yU6BUodCjZ5vZkUrAxMDTrBs3CJaq43ashR price=194.42318776178445 slot=376481036 fee_bps=1
2025-10-29T02:19:29.197Z venue=raydium pool=CYbD9RaToYMtWKA7QZyoLahnHdWq553Vm62Lh6qWtuxq price=194.44887044261574 slot=376481036 fee_bps=200
2025-10-29T02:19:29.198Z venue=meteora pool=HTvjzsfX3yU6BUodCjZ5vZkUrAxMDTrBs3CJaq43ashR price=194.42318776178445 slot=376481036 fee_bps=1
2025-10-29T02:19:29.198Z venue=meteora pool=BGm1tav58oGcsQJehL9WXBFXF7D27vZsKefj4xJKD5Y price=194.33320417474852 slot=376481036 fee_bps=10
2025-10-29T02:19:29.556Z venue=raydium pool=EXHyQxMSttcvLPwjENnXCPZ8GmLjJYHtNBnAkcFeFKMn price=194.43697088379858 slot=376481037 fee_bps=100
2025-10-29T02:19:29.556Z venue=meteora pool=BGm1tav58oGcsQJehL9WXBFXF7D27vZsKefj4xJKD5Y price=194.33320417474852 slot=376481037 fee_bps=10
2025-10-29T02:19:29.557Z venue=raydium pool=EXHyQxMSttcvLPwjENnXCPZ8GmLjJYHtNBnAkcFeFKMn price=194.43697088379858 slot=376481037 fee_bps=100
2025-10-29T02:19:29.557Z venue=meteora pool=BGm1tav58oGcsQJehL9WXBFXF7D27vZsKefj4xJKD5Y price=194.33320417474852 slot=376481037 fee_bps=10
2025-10-29T02:19:29.557Z venue=raydium pool=EXHyQxMSttcvLPwjENnXCPZ8GmLjJYHtNBnAkcFeFKMn price=194.4184875098728 slot=376481037 fee_bps=100
2025-10-29T02:19:29.837Z venue=meteora pool=BGm1tav58oGcsQJehL9WXBFXF7D27vZsKefj4xJKD5Y price=194.33320417474852 slot=376481023 fee_bps=10
2025-10-29T02:19:29.890Z venue=meteora pool=BGm1tav58oGcsQJehL9WXBFXF7D27vZsKefj4xJKD5Y price=194.33320417474852 slot=376481021 fee_bps=10
2025-10-29T02:19:29.994Z venue=meteora pool=BGm1tav58oGcsQJehL9WXBFXF7D27vZsKefj4xJKD5Y price=194.33320417474852 slot=376481022 fee_bps=10
2025-10-29T02:19:30.070Z venue=meteora pool=BGm1tav58oGcsQJehL9WXBFXF7D27vZsKefj4xJKD5Y price=194.33320417474852 slot=376481019 fee_bps=10
2025-10-29T02:19:30.322Z venue=raydium pool=8sLbNZoA1cfnvMJLPfp98ZLAnFSYCFApfJKMbiXNLwxj price=194.4269744852995 slot=376481040 fee_bps=100
2025-10-29T02:19:30.324Z venue=raydium pool=8sLbNZoA1cfnvMJLPfp98ZLAnFSYCFApfJKMbiXNLwxj price=194.42082442922157 slot=376481040 fee_bps=100
2025-10-29T02:19:30.324Z venue=raydium pool=8sLbNZoA1cfnvMJLPfp98ZLAnFSYCFApfJKMbiXNLwxj price=194.42082442922157 slot=376481040 fee_bps=100
2025-10-29T02:19:30.604Z venue=raydium pool=EXHyQxMSttcvLPwjENnXCPZ8GmLjJYHtNBnAkcFeFKMn price=194.4184875098728 slot=376481041 fee_bps=100
2025-10-29T02:19:30.605Z venue=orca pool=Czfq3xZZDmsdGdUyrNLtRhGc47cXcZtLG4crryfu44zE price=194.44153899100704 slot=376481041 fee_bps=4
2025-10-29T02:19:30.606Z venue=orca pool=Czfq3xZZDmsdGdUyrNLtRhGc47cXcZtLG4crryfu44zE price=194.44109610359303 slot=376481041 fee_bps=4
2025-10-29T02:19:30.606Z venue=orca pool=Czfq3xZZDmsdGdUyrNLtRhGc47cXcZtLG4crryfu44zE price=194.44109610359303 slot=376481041 fee_bps=4
2025-10-29T02:19:30.606Z venue=raydium pool=EXHyQxMSttcvLPwjENnXCPZ8GmLjJYHtNBnAkcFeFKMn price=194.4184875098728 slot=376481041 fee_bps=100
2025-10-29T02:19:30.607Z venue=raydium pool=EXHyQxMSttcvLPwjENnXCPZ8GmLjJYHtNBnAkcFeFKMn price=194.43589124829572 slot=376481041 fee_bps=100
2025-10-29T02:19:30.721Z venue=meteora pool=5rCf1DM8LjKTw4YqhnoLcngyZYeNnQqztScTogYHAS6 price=194.43205912971294 slot=376481042 fee_bps=4
2025-10-29T02:19:30.758Z venue=meteora pool=BGm1tav58oGcsQJehL9WXBFXF7D27vZsKefj4xJKD5Y price=194.33320417474852 slot=376481042 fee_bps=10
2025-10-29T02:19:30.758Z venue=raydium pool=CYbD9RaToYMtWKA7QZyoLahnHdWq553Vm62Lh6qWtuxq price=194.44887044261574 slot=376481042 fee_bps=200
2025-10-29T02:19:30.759Z venue=raydium pool=CYbD9RaToYMtWKA7QZyoLahnHdWq553Vm62Lh6qWtuxq price=194.44365321028832 slot=376481042 fee_bps=200
2025-10-29T02:19:30.841Z venue=meteora pool=5rCf1DM8LjKTw4YqhnoLcngyZYeNnQqztScTogYHAS6 price=194.43205912971294 slot=376481042 fee_bps=4
2025-10-29T02:19:30.842Z venue=meteora pool=BGm1tav58oGcsQJehL9WXBFXF7D27vZsKefj4xJKD5Y price=194.33320417474852 slot=376481042 fee_bps=10
2025-10-29T02:19:30.842Z venue=raydium pool=CYbD9RaToYMtWKA7QZyoLahnHdWq553Vm62Lh6qWtuxq price=194.44365321028832 slot=376481042 fee_bps=200
2025-10-29T02:19:31.985Z venue=meteora pool=BGm1tav58oGcsQJehL9WXBFXF7D27vZsKefj4xJKD5Y price=194.33320417474852 slot=376481045 fee_bps=10
2025-10-29T02:19:31.986Z venue=meteora pool=BGm1tav58oGcsQJehL9WXBFXF7D27vZsKefj4xJKD5Y price=194.33320417474852 slot=376481045 fee_bps=10
2025-10-29T02:19:32.246Z venue=meteora pool=BGm1tav58oGcsQJehL9WXBFXF7D27vZsKefj4xJKD5Y price=194.33320417474852 slot=376481046 fee_bps=10
2025-10-29T02:19:32.247Z venue=meteora pool=BGm1tav58oGcsQJehL9WXBFXF7D27vZsKefj4xJKD5Y price=194.33320417474852 slot=376481046 fee_bps=10
2025-10-29T02:19:32.654Z venue=meteora pool=5rCf1DM8LjKTw4YqhnoLcngyZYeNnQqztScTogYHAS6 price=194.43205912971294 slot=376481011 fee_bps=4
2025-10-29T02:19:32.949Z venue=meteora pool=BGm1tav58oGcsQJehL9WXBFXF7D27vZsKefj4xJKD5Y price=194.33320417474852 slot=376481047 fee_bps=10
2025-10-29T02:19:32.950Z venue=meteora pool=BGm1tav58oGcsQJehL9WXBFXF7D27vZsKefj4xJKD5Y price=194.33320417474852 slot=376481047 fee_bps=10
2025-10-29T02:19:33.491Z venue=meteora pool=HTvjzsfX3yU6BUodCjZ5vZkUrAxMDTrBs3CJaq43ashR price=194.42318776178445 slot=376481048 fee_bps=1
2025-10-29T02:19:33.493Z venue=meteora pool=HTvjzsfX3yU6BUodCjZ5vZkUrAxMDTrBs3CJaq43ashR price=194.42318776178445 slot=376481048 fee_bps=1
2025-10-29T02:19:34.032Z venue=meteora pool=BGm1tav58oGcsQJehL9WXBFXF7D27vZsKefj4xJKD5Y price=194.33320417474852 slot=376481050 fee_bps=10
2025-10-29T02:19:34.035Z venue=meteora pool=BGm1tav58oGcsQJehL9WXBFXF7D27vZsKefj4xJKD5Y price=194.33320417474852 slot=376481050 fee_bps=10
2025-10-29T02:19:34.205Z venue=meteora pool=HTvjzsfX3yU6BUodCjZ5vZkUrAxMDTrBs3CJaq43ashR price=194.42318776178445 slot=376481036 fee_bps=1
2025-10-29T02:19:34.276Z venue=meteora pool=HTvjzsfX3yU6BUodCjZ5vZkUrAxMDTrBs3CJaq43ashR price=194.42318776178445 slot=376481024 fee_bps=1
2025-10-29T02:19:34.306Z venue=meteora pool=HTvjzsfX3yU6BUodCjZ5vZkUrAxMDTrBs3CJaq43ashR price=194.4426300805606 slot=376481026 fee_bps=1
2025-10-29T02:19:34.330Z venue=meteora pool=HTvjzsfX3yU6BUodCjZ5vZkUrAxMDTrBs3CJaq43ashR price=194.42318776178445 slot=376481034 fee_bps=1
2025-10-29T02:19:34.362Z venue=meteora pool=HTvjzsfX3yU6BUodCjZ5vZkUrAxMDTrBs3CJaq43ashR price=194.42318776178445 slot=376481035 fee_bps=1
2025-10-29T02:19:34.407Z venue=meteora pool=HTvjzsfX3yU6BUodCjZ5vZkUrAxMDTrBs3CJaq43ashR price=194.4426300805606 slot=376481031 fee_bps=1
2025-10-29T02:19:34.456Z venue=meteora pool=BGm1tav58oGcsQJehL9WXBFXF7D27vZsKefj4xJKD5Y price=194.33320417474852 slot=376481051 fee_bps=10
2025-10-29T02:19:34.457Z venue=meteora pool=BGm1tav58oGcsQJehL9WXBFXF7D27vZsKefj4xJKD5Y price=194.33320417474852 slot=376481051 fee_bps=10
2025-10-29T02:19:34.955Z venue=raydium pool=8sLbNZoA1cfnvMJLPfp98ZLAnFSYCFApfJKMbiXNLwxj price=194.42082442922157 slot=376481053 fee_bps=100
2025-10-29T02:19:35.004Z venue=raydium pool=8sLbNZoA1cfnvMJLPfp98ZLAnFSYCFApfJKMbiXNLwxj price=194.42773666076664 slot=376481053 fee_bps=100
2025-10-29T02:19:35.004Z venue=raydium pool=8sLbNZoA1cfnvMJLPfp98ZLAnFSYCFApfJKMbiXNLwxj price=194.42773666076664 slot=376481053 fee_bps=100
2025-10-29T02:19:35.414Z venue=meteora pool=BGm1tav58oGcsQJehL9WXBFXF7D27vZsKefj4xJKD5Y price=194.33320417474852 slot=376481037 fee_bps=10
2025-10-29T02:19:35.523Z venue=meteora pool=BGm1tav58oGcsQJehL9WXBFXF7D27vZsKefj4xJKD5Y price=194.33320417474852 slot=376481046 fee_bps=10
2025-10-29T02:19:35.597Z venue=meteora pool=BGm1tav58oGcsQJehL9WXBFXF7D27vZsKefj4xJKD5Y price=194.33320417474852 slot=376481027 fee_bps=10
2025-10-29T02:19:35.663Z venue=meteora pool=BGm1tav58oGcsQJehL9WXBFXF7D27vZsKefj4xJKD5Y price=194.33320417474852 slot=376481036 fee_bps=10
2025-10-29T02:19:35.720Z venue=meteora pool=BGm1tav58oGcsQJehL9WXBFXF7D27vZsKefj4xJKD5Y price=194.33320417474852 slot=376481032 fee_bps=10
2025-10-29T02:19:35.830Z venue=meteora pool=BGm1tav58oGcsQJehL9WXBFXF7D27vZsKefj4xJKD5Y price=194.33320417474852 slot=376481042 fee_bps=10
2025-10-29T02:19:35.892Z venue=meteora pool=BGm1tav58oGcsQJehL9WXBFXF7D27vZsKefj4xJKD5Y price=194.33320417474852 slot=376481055 fee_bps=10
2025-10-29T02:19:35.892Z venue=meteora pool=BGm1tav58oGcsQJehL9WXBFXF7D27vZsKefj4xJKD5Y price=194.33320417474852 slot=376481055 fee_bps=10
2025-10-29T02:19:36.171Z venue=meteora pool=BGm1tav58oGcsQJehL9WXBFXF7D27vZsKefj4xJKD5Y price=194.33320417474852 slot=376481050 fee_bps=10
2025-10-29T02:19:36.243Z venue=meteora pool=BGm1tav58oGcsQJehL9WXBFXF7D27vZsKefj4xJKD5Y price=194.33320417474852 slot=376481045 fee_bps=10
2025-10-29T02:19:36.302Z venue=meteora pool=BGm1tav58oGcsQJehL9WXBFXF7D27vZsKefj4xJKD5Y price=194.33320417474852 slot=376481055 fee_bps=10
2025-10-29T02:19:36.356Z venue=meteora pool=BGm1tav58oGcsQJehL9WXBFXF7D27vZsKefj4xJKD5Y price=194.33320417474852 slot=376481047 fee_bps=10
2025-10-29T02:19:36.779Z venue=meteora pool=BGm1tav58oGcsQJehL9WXBFXF7D27vZsKefj4xJKD5Y price=194.33320417474852 slot=376481051 fee_bps=10
2025-10-29T02:19:37.399Z venue=meteora pool=HTvjzsfX3yU6BUodCjZ5vZkUrAxMDTrBs3CJaq43ashR price=194.42318776178445 slot=376481048 fee_bps=1
2025-10-29T02:19:37.459Z venue=meteora pool=5rCf1DM8LjKTw4YqhnoLcngyZYeNnQqztScTogYHAS6 price=194.43205912971294 slot=376481042 fee_bps=4
2025-10-29T02:19:37.508Z venue=meteora pool=HTvjzsfX3yU6BUodCjZ5vZkUrAxMDTrBs3CJaq43ashR price=194.42318776178445 slot=376481011 fee_bps=1
2025-10-29T02:19:42.278Z venue=raydium pool=8sLbNZoA1cfnvMJLPfp98ZLAnFSYCFApfJKMbiXNLwxj price=194.42773666076664 slot=376481063 fee_bps=100
2025-10-29T02:19:42.280Z venue=raydium pool=8sLbNZoA1cfnvMJLPfp98ZLAnFSYCFApfJKMbiXNLwxj price=194.43389666115726 slot=376481063 fee_bps=100
2025-10-29T02:19:42.280Z venue=raydium pool=8sLbNZoA1cfnvMJLPfp98ZLAnFSYCFApfJKMbiXNLwxj price=194.43389666115726 slot=376481063 fee_bps=100
2025-10-29T02:19:42.419Z venue=meteora pool=CgqwPLSFfht89pF5RSKGUUMFj5zRxoUt4861w2SkXaqY price=193.70034107476633 slot=376481011 fee_bps=5
2025-10-29T02:19:42.529Z venue=meteora pool=HTvjzsfX3yU6BUodCjZ5vZkUrAxMDTrBs3CJaq43ashR price=194.42318776178445 slot=376481064 fee_bps=1
2025-10-29T02:19:42.530Z venue=meteora pool=HTvjzsfX3yU6BUodCjZ5vZkUrAxMDTrBs3CJaq43ashR price=194.42318776178445 slot=376481064 fee_bps=1
2025-10-29T02:19:42.531Z venue=raydium pool=8sLbNZoA1cfnvMJLPfp98ZLAnFSYCFApfJKMbiXNLwxj price=194.44497593703852 slot=376481064 fee_bps=100
2025-10-29T02:19:42.531Z venue=raydium pool=8sLbNZoA1cfnvMJLPfp98ZLAnFSYCFApfJKMbiXNLwxj price=194.44497593703852 slot=376481064 fee_bps=100
2025-10-29T02:19:42.531Z venue=raydium pool=8sLbNZoA1cfnvMJLPfp98ZLAnFSYCFApfJKMbiXNLwxj price=194.44497593703852 slot=376481064 fee_bps=100
2025-10-29T02:19:42.640Z venue=meteora pool=BGm1tav58oGcsQJehL9WXBFXF7D27vZsKefj4xJKD5Y price=194.33320417474852 slot=376481065 fee_bps=10
2025-10-29T02:19:42.694Z venue=meteora pool=BGm1tav58oGcsQJehL9WXBFXF7D27vZsKefj4xJKD5Y price=194.33320417474852 slot=376481065 fee_bps=10
2025-10-29T02:19:42.914Z venue=lifinity pool=86eq4kdBkUCHGdCC2SfcqGHRCBGhp2M89aCmuvvxaXsm price=208.62193914699213 slot=376481011 fee_bps=13
2025-10-29T02:19:42.967Z venue=meteora pool=BGm1tav58oGcsQJehL9WXBFXF7D27vZsKefj4xJKD5Y price=194.33320417474852 slot=376481068 fee_bps=10
2025-10-29T02:19:42.969Z venue=meteora pool=BGm1tav58oGcsQJehL9WXBFXF7D27vZsKefj4xJKD5Y price=194.33320417474852 slot=376481068 fee_bps=10
2025-10-29T02:19:43.289Z venue=meteora pool=BGm1tav58oGcsQJehL9WXBFXF7D27vZsKefj4xJKD5Y price=194.33320417474852 slot=376481070 fee_bps=10
2025-10-29T02:19:43.396Z venue=meteora pool=HTvjzsfX3yU6BUodCjZ5vZkUrAxMDTrBs3CJaq43ashR price=194.42318776178445 slot=376481070 fee_bps=1
2025-10-29T02:19:43.396Z venue=meteora pool=BGm1tav58oGcsQJehL9WXBFXF7D27vZsKefj4xJKD5Y price=194.33320417474852 slot=376481070 fee_bps=10
2025-10-29T02:19:43.396Z venue=meteora pool=HTvjzsfX3yU6BUodCjZ5vZkUrAxMDTrBs3CJaq43ashR price=194.42318776178445 slot=376481070 fee_bps=1
2025-10-29T02:19:43.397Z venue=raydium pool=8sLbNZoA1cfnvMJLPfp98ZLAnFSYCFApfJKMbiXNLwxj price=194.44497593703852 slot=376481071 fee_bps=100
2025-10-29T02:19:43.397Z venue=raydium pool=8sLbNZoA1cfnvMJLPfp98ZLAnFSYCFApfJKMbiXNLwxj price=194.43878015401685 slot=376481071 fee_bps=100
2025-10-29T02:19:43.397Z venue=raydium pool=8sLbNZoA1cfnvMJLPfp98ZLAnFSYCFApfJKMbiXNLwxj price=194.43878015401685 slot=376481071 fee_bps=100
2025-10-29T02:19:43.485Z venue=raydium pool=EXHyQxMSttcvLPwjENnXCPZ8GmLjJYHtNBnAkcFeFKMn price=194.43589124829572 slot=376481072 fee_bps=100
2025-10-29T02:19:43.485Z venue=raydium pool=EXHyQxMSttcvLPwjENnXCPZ8GmLjJYHtNBnAkcFeFKMn price=194.43589124829572 slot=376481072 fee_bps=100
2025-10-29T02:19:43.485Z venue=meteora pool=HTvjzsfX3yU6BUodCjZ5vZkUrAxMDTrBs3CJaq43ashR price=194.42318776178445 slot=376481072 fee_bps=1
2025-10-29T02:19:43.486Z venue=raydium pool=EXHyQxMSttcvLPwjENnXCPZ8GmLjJYHtNBnAkcFeFKMn price=194.44181385891028 slot=376481072 fee_bps=100
2025-10-29T02:19:43.486Z venue=raydium pool=8sLbNZoA1cfnvMJLPfp98ZLAnFSYCFApfJKMbiXNLwxj price=194.43878015401685 slot=376481072 fee_bps=100
2025-10-29T02:19:43.486Z venue=raydium pool=8sLbNZoA1cfnvMJLPfp98ZLAnFSYCFApfJKMbiXNLwxj price=194.43878015401685 slot=376481072 fee_bps=100
2025-10-29T02:19:43.580Z venue=raydium pool=8sLbNZoA1cfnvMJLPfp98ZLAnFSYCFApfJKMbiXNLwxj price=194.4418549557073 slot=376481072 fee_bps=100
2025-10-29T02:19:43.580Z venue=meteora pool=HTvjzsfX3yU6BUodCjZ5vZkUrAxMDTrBs3CJaq43ashR price=194.42318776178445 slot=376481072 fee_bps=1
2025-10-29T02:19:43.864Z venue=lifinity pool=DrRd8gYMJu9XGxLhwTCPdHNLXCKHsxJtMpbn62YqmwQe price=265.5008940143198 slot=376481011 fee_bps=13
2025-10-29T02:19:43.974Z venue=meteora pool=HTvjzsfX3yU6BUodCjZ5vZkUrAxMDTrBs3CJaq43ashR price=194.42318776178445 slot=376481074 fee_bps=1
2025-10-29T02:19:43.975Z venue=meteora pool=HTvjzsfX3yU6BUodCjZ5vZkUrAxMDTrBs3CJaq43ashR price=194.42318776178445 slot=376481074 fee_bps=1
2025-10-29T02:19:44.017Z venue=meteora pool=BGm1tav58oGcsQJehL9WXBFXF7D27vZsKefj4xJKD5Y price=194.33320417474852 slot=376481075 fee_bps=10
2025-10-29T02:19:44.064Z venue=meteora pool=BGm1tav58oGcsQJehL9WXBFXF7D27vZsKefj4xJKD5Y price=194.33320417474852 slot=376481075 fee_bps=10
2025-10-29T02:19:44.339Z venue=raydium pool=58oQChx4yWmvKdwLLZzBi4ChoCc2fqCUWBkwMihLYQo2 price=194.22018453333368 slot=376481011 fee_bps=25
2025-10-29T02:19:44.340Z venue=raydium pool=58oQChx4yWmvKdwLLZzBi4ChoCc2fqCUWBkwMihLYQo2 price=194.22018453333368 slot=376481011 fee_bps=25
2025-10-29T02:19:44.340Z venue=raydium pool=3ucNos4NbumPLZNWztqGHNFFgkHeRMBQAVemeeomsUxv price=194.43592780377298 slot=376481011 fee_bps=400
2025-10-29T02:19:44.340Z venue=raydium pool=3ucNos4NbumPLZNWztqGHNFFgkHeRMBQAVemeeomsUxv price=194.43592780377298 slot=376481011 fee_bps=400
2025-10-29T02:19:44.340Z venue=raydium pool=CYbD9RaToYMtWKA7QZyoLahnHdWq553Vm62Lh6qWtuxq price=194.44365321028832 slot=376481011 fee_bps=200
2025-10-29T02:19:44.340Z venue=raydium pool=CYbD9RaToYMtWKA7QZyoLahnHdWq553Vm62Lh6qWtuxq price=194.44365321028832 slot=376481011 fee_bps=200
2025-10-29T02:19:44.340Z venue=raydium pool=8sLbNZoA1cfnvMJLPfp98ZLAnFSYCFApfJKMbiXNLwxj price=194.4418549557073 slot=376481011 fee_bps=100
2025-10-29T02:19:44.341Z venue=raydium pool=8sLbNZoA1cfnvMJLPfp98ZLAnFSYCFApfJKMbiXNLwxj price=194.4418549557073 slot=376481011 fee_bps=100
2025-10-29T02:19:44.341Z venue=raydium pool=EXHyQxMSttcvLPwjENnXCPZ8GmLjJYHtNBnAkcFeFKMn price=194.44181385891028 slot=376481011 fee_bps=100
2025-10-29T02:19:44.341Z venue=raydium pool=EXHyQxMSttcvLPwjENnXCPZ8GmLjJYHtNBnAkcFeFKMn price=194.44181385891028 slot=376481011 fee_bps=100
2025-10-29T02:19:44.341Z venue=orca pool=Czfq3xZZDmsdGdUyrNLtRhGc47cXcZtLG4crryfu44zE price=194.44109610359303 slot=376481011 fee_bps=4
2025-10-29T02:19:44.341Z venue=orca pool=Czfq3xZZDmsdGdUyrNLtRhGc47cXcZtLG4crryfu44zE price=194.44109610359303 slot=376481011 fee_bps=4
2025-10-29T02:19:44.341Z venue=orca pool=FpCMFDFGYotvufJ7HrFHsWEiiQCGbkLCtwHiDnh7o28Q price=194.43532246794672 slot=376481011 fee_bps=2
2025-10-29T02:19:44.341Z venue=orca pool=FpCMFDFGYotvufJ7HrFHsWEiiQCGbkLCtwHiDnh7o28Q price=194.43532246794672 slot=376481011 fee_bps=2
2025-10-29T02:19:44.341Z venue=orca pool=7qbRF6YsyGuLUVs6Y1q64bdVrfe4ZcUUz1JRdoVNUJnm price=194.4119362341395 slot=376481011 fee_bps=5
2025-10-29T02:19:44.341Z venue=orca pool=7qbRF6YsyGuLUVs6Y1q64bdVrfe4ZcUUz1JRdoVNUJnm price=194.4119362341395 slot=376481011 fee_bps=5
2025-10-29T02:19:44.342Z venue=orca pool=HJPjoWUrhoZzkNfRpHuieeFk9WcZWjwy6PBjZ81ngndJ price=194.21683535173577 slot=376481011 fee_bps=30
2025-10-29T02:19:44.342Z venue=orca pool=HJPjoWUrhoZzkNfRpHuieeFk9WcZWjwy6PBjZ81ngndJ price=194.21683535173577 slot=376481011 fee_bps=30
2025-10-29T02:19:44.342Z venue=meteora pool=BGm1tav58oGcsQJehL9WXBFXF7D27vZsKefj4xJKD5Y price=194.33320417474852 slot=376481011 fee_bps=10
2025-10-29T02:19:44.342Z venue=meteora pool=BGm1tav58oGcsQJehL9WXBFXF7D27vZsKefj4xJKD5Y price=194.33320417474852 slot=376481011 fee_bps=10
2025-10-29T02:19:44.342Z venue=meteora pool=BVRbyLjjfSBcoyiYFuxbgKYnWuiFaF9CSXEa5vdSZ9Hh price=193.91018596618432 slot=376481011 fee_bps=20
2025-10-29T02:19:44.342Z venue=meteora pool=BVRbyLjjfSBcoyiYFuxbgKYnWuiFaF9CSXEa5vdSZ9Hh price=193.91018596618432 slot=376481011 fee_bps=20
2025-10-29T02:19:44.342Z venue=meteora pool=5rCf1DM8LjKTw4YqhnoLcngyZYeNnQqztScTogYHAS6 price=194.43205912971294 slot=376481011 fee_bps=4
2025-10-29T02:19:44.342Z venue=meteora pool=5rCf1DM8LjKTw4YqhnoLcngyZYeNnQqztScTogYHAS6 price=194.43205912971294 slot=376481011 fee_bps=4
2025-10-29T02:19:44.342Z venue=meteora pool=HTvjzsfX3yU6BUodCjZ5vZkUrAxMDTrBs3CJaq43ashR price=194.42318776178445 slot=376481011 fee_bps=1
2025-10-29T02:19:44.343Z venue=meteora pool=HTvjzsfX3yU6BUodCjZ5vZkUrAxMDTrBs3CJaq43ashR price=194.42318776178445 slot=376481011 fee_bps=1
2025-10-29T02:19:44.343Z venue=meteora pool=CgqwPLSFfht89pF5RSKGUUMFj5zRxoUt4861w2SkXaqY price=193.70034107476633 slot=376481011 fee_bps=5
2025-10-29T02:19:44.343Z venue=meteora pool=CgqwPLSFfht89pF5RSKGUUMFj5zRxoUt4861w2SkXaqY price=193.70034107476633 slot=376481011 fee_bps=5
2025-10-29T02:19:44.343Z venue=lifinity pool=86eq4kdBkUCHGdCC2SfcqGHRCBGhp2M89aCmuvvxaXsm price=208.62193914699213 slot=376481011 fee_bps=13
2025-10-29T02:19:44.343Z venue=lifinity pool=86eq4kdBkUCHGdCC2SfcqGHRCBGhp2M89aCmuvvxaXsm price=208.62193914699213 slot=376481011 fee_bps=13
2025-10-29T02:19:44.343Z venue=lifinity pool=DrRd8gYMJu9XGxLhwTCPdHNLXCKHsxJtMpbn62YqmwQe price=265.5008940143198 slot=376481011 fee_bps=13
2025-10-29T02:19:44.343Z venue=lifinity pool=DrRd8gYMJu9XGxLhwTCPdHNLXCKHsxJtMpbn62YqmwQe price=265.5008940143198 slot=376481011 fee_bps=13
2025-10-29T02:19:45.282Z venue=raydium pool=EXHyQxMSttcvLPwjENnXCPZ8GmLjJYHtNBnAkcFeFKMn price=194.44181385891028 slot=376481078 fee_bps=100
2025-10-29T02:19:45.336Z venue=raydium pool=EXHyQxMSttcvLPwjENnXCPZ8GmLjJYHtNBnAkcFeFKMn price=194.44181385891028 slot=376481078 fee_bps=100
2025-10-29T02:19:45.337Z venue=raydium pool=EXHyQxMSttcvLPwjENnXCPZ8GmLjJYHtNBnAkcFeFKMn price=194.44491028399315 slot=376481078 fee_bps=100
2025-10-29T02:19:46.590Z venue=meteora pool=BGm1tav58oGcsQJehL9WXBFXF7D27vZsKefj4xJKD5Y price=194.33320417474852 slot=376481079 fee_bps=10
2025-10-29T02:19:46.591Z venue=raydium pool=CYbD9RaToYMtWKA7QZyoLahnHdWq553Vm62Lh6qWtuxq price=194.44365321028832 slot=376481079 fee_bps=200
2025-10-29T02:19:46.591Z venue=raydium pool=CYbD9RaToYMtWKA7QZyoLahnHdWq553Vm62Lh6qWtuxq price=194.44365321028832 slot=376481079 fee_bps=200
2025-10-29T02:19:46.592Z venue=raydium pool=CYbD9RaToYMtWKA7QZyoLahnHdWq553Vm62Lh6qWtuxq price=194.4881885384202 slot=376481079 fee_bps=200
2025-10-29T02:19:46.592Z venue=meteora pool=BGm1tav58oGcsQJehL9WXBFXF7D27vZsKefj4xJKD5Y price=194.33320417474852 slot=376481079 fee_bps=10
2025-10-29T02:19:47.066Z venue=meteora pool=HTvjzsfX3yU6BUodCjZ5vZkUrAxMDTrBs3CJaq43ashR price=194.42318776178445 slot=376481080 fee_bps=1
2025-10-29T02:19:47.066Z venue=lifinity pool=86eq4kdBkUCHGdCC2SfcqGHRCBGhp2M89aCmuvvxaXsm price=208.62168551622682 slot=376481080 fee_bps=13
2025-10-29T02:19:47.067Z venue=raydium pool=CYbD9RaToYMtWKA7QZyoLahnHdWq553Vm62Lh6qWtuxq price=194.4881885384202 slot=376481080 fee_bps=200
2025-10-29T02:19:47.068Z venue=raydium pool=CYbD9RaToYMtWKA7QZyoLahnHdWq553Vm62Lh6qWtuxq price=194.4881885384202 slot=376481080 fee_bps=200
2025-10-29T02:19:47.068Z venue=raydium pool=CYbD9RaToYMtWKA7QZyoLahnHdWq553Vm62Lh6qWtuxq price=194.44978389988455 slot=376481080 fee_bps=200
2025-10-29T02:19:47.069Z venue=raydium pool=8sLbNZoA1cfnvMJLPfp98ZLAnFSYCFApfJKMbiXNLwxj price=194.43501161323866 slot=376481080 fee_bps=100
2025-10-29T02:19:47.195Z venue=lifinity pool=86eq4kdBkUCHGdCC2SfcqGHRCBGhp2M89aCmuvvxaXsm price=208.62144915796281 slot=376481080 fee_bps=13
2025-10-29T02:19:47.195Z venue=raydium pool=8sLbNZoA1cfnvMJLPfp98ZLAnFSYCFApfJKMbiXNLwxj price=194.43501161323866 slot=376481080 fee_bps=100
2025-10-29T02:19:47.195Z venue=meteora pool=HTvjzsfX3yU6BUodCjZ5vZkUrAxMDTrBs3CJaq43ashR price=194.42318776178445 slot=376481080 fee_bps=1
2025-10-29T02:19:47.195Z venue=raydium pool=8sLbNZoA1cfnvMJLPfp98ZLAnFSYCFApfJKMbiXNLwxj price=194.43501161323866 slot=376481080 fee_bps=100
2025-10-29T02:19:48.160Z venue=raydium pool=CYbD9RaToYMtWKA7QZyoLahnHdWq553Vm62Lh6qWtuxq price=194.44978389988455 slot=376481081 fee_bps=200
2025-10-29T02:19:48.161Z venue=raydium pool=CYbD9RaToYMtWKA7QZyoLahnHdWq553Vm62Lh6qWtuxq price=194.44978389988455 slot=376481081 fee_bps=200
2025-10-29T02:19:48.161Z venue=raydium pool=CYbD9RaToYMtWKA7QZyoLahnHdWq553Vm62Lh6qWtuxq price=194.44903901217427 slot=376481081 fee_bps=200
2025-10-29T02:19:48.255Z venue=raydium pool=EXHyQxMSttcvLPwjENnXCPZ8GmLjJYHtNBnAkcFeFKMn price=194.44491028399315 slot=376481082 fee_bps=100
2025-10-29T02:19:48.256Z venue=raydium pool=EXHyQxMSttcvLPwjENnXCPZ8GmLjJYHtNBnAkcFeFKMn price=194.44491028399315 slot=376481082 fee_bps=100
2025-10-29T02:19:48.256Z venue=raydium pool=EXHyQxMSttcvLPwjENnXCPZ8GmLjJYHtNBnAkcFeFKMn price=194.45233627249365 slot=376481082 fee_bps=100
2025-10-29T02:19:48.256Z venue=raydium pool=8sLbNZoA1cfnvMJLPfp98ZLAnFSYCFApfJKMbiXNLwxj price=194.43501161323866 slot=376481082 fee_bps=100
2025-10-29T02:19:48.257Z venue=raydium pool=8sLbNZoA1cfnvMJLPfp98ZLAnFSYCFApfJKMbiXNLwxj price=194.4337022380921 slot=376481082 fee_bps=100
2025-10-29T02:19:48.257Z venue=raydium pool=8sLbNZoA1cfnvMJLPfp98ZLAnFSYCFApfJKMbiXNLwxj price=194.4337022380921 slot=376481082 fee_bps=100
2025-10-29T02:19:48.358Z venue=lifinity pool=86eq4kdBkUCHGdCC2SfcqGHRCBGhp2M89aCmuvvxaXsm price=208.62144915796281 slot=376481080 fee_bps=13
2025-10-29T02:19:48.459Z venue=meteora pool=BGm1tav58oGcsQJehL9WXBFXF7D27vZsKefj4xJKD5Y price=194.33320417474852 slot=376481083 fee_bps=10
2025-10-29T02:19:48.460Z venue=meteora pool=BGm1tav58oGcsQJehL9WXBFXF7D27vZsKefj4xJKD5Y price=194.33320417474852 slot=376481083 fee_bps=10
2025-10-29T02:19:48.584Z venue=raydium pool=8sLbNZoA1cfnvMJLPfp98ZLAnFSYCFApfJKMbiXNLwxj price=194.42957724494107 slot=376481084 fee_bps=100
2025-10-29T02:19:48.584Z venue=raydium pool=8sLbNZoA1cfnvMJLPfp98ZLAnFSYCFApfJKMbiXNLwxj price=194.42957724494107 slot=376481084 fee_bps=100
2025-10-29T02:19:48.585Z venue=meteora pool=HTvjzsfX3yU6BUodCjZ5vZkUrAxMDTrBs3CJaq43ashR price=194.42318776178445 slot=376481084 fee_bps=1
2025-10-29T02:19:48.585Z venue=meteora pool=HTvjzsfX3yU6BUodCjZ5vZkUrAxMDTrBs3CJaq43ashR price=194.42318776178445 slot=376481084 fee_bps=1
2025-10-29T02:19:48.585Z venue=raydium pool=8sLbNZoA1cfnvMJLPfp98ZLAnFSYCFApfJKMbiXNLwxj price=194.42957724494107 slot=376481084 fee_bps=100
2025-10-29T02:19:48.781Z venue=raydium pool=8sLbNZoA1cfnvMJLPfp98ZLAnFSYCFApfJKMbiXNLwxj price=194.42957724494107 slot=376481085 fee_bps=100
2025-10-29T02:19:48.782Z venue=raydium pool=8sLbNZoA1cfnvMJLPfp98ZLAnFSYCFApfJKMbiXNLwxj price=194.42826872859507 slot=376481085 fee_bps=100
2025-10-29T02:19:48.782Z venue=raydium pool=8sLbNZoA1cfnvMJLPfp98ZLAnFSYCFApfJKMbiXNLwxj price=194.42826872859507 slot=376481085 fee_bps=100
2025-10-29T02:19:48.782Z venue=raydium pool=CYbD9RaToYMtWKA7QZyoLahnHdWq553Vm62Lh6qWtuxq price=194.44903901217427 slot=376481085 fee_bps=200
2025-10-29T02:19:48.783Z venue=raydium pool=CYbD9RaToYMtWKA7QZyoLahnHdWq553Vm62Lh6qWtuxq price=194.44903901217427 slot=376481085 fee_bps=200
2025-10-29T02:19:48.940Z venue=raydium pool=CYbD9RaToYMtWKA7QZyoLahnHdWq553Vm62Lh6qWtuxq price=194.44853929612216 slot=376481085 fee_bps=200
2025-10-29T02:19:48.941Z venue=raydium pool=CYbD9RaToYMtWKA7QZyoLahnHdWq553Vm62Lh6qWtuxq price=194.44853929612216 slot=376481086 fee_bps=200
2025-10-29T02:19:48.941Z venue=raydium pool=CYbD9RaToYMtWKA7QZyoLahnHdWq553Vm62Lh6qWtuxq price=194.44853929612216 slot=376481086 fee_bps=200
2025-10-29T02:19:48.941Z venue=raydium pool=CYbD9RaToYMtWKA7QZyoLahnHdWq553Vm62Lh6qWtuxq price=194.4452789887637 slot=376481086 fee_bps=200
2025-10-29T02:19:48.941Z venue=meteora pool=BGm1tav58oGcsQJehL9WXBFXF7D27vZsKefj4xJKD5Y price=194.33320417474852 slot=376481086 fee_bps=10
2025-10-29T02:19:48.942Z venue=meteora pool=BGm1tav58oGcsQJehL9WXBFXF7D27vZsKefj4xJKD5Y price=194.33320417474852 slot=376481086 fee_bps=10
2025-10-29T02:19:49.023Z venue=meteora pool=5rCf1DM8LjKTw4YqhnoLcngyZYeNnQqztScTogYHAS6 price=194.43205912971294 slot=376481087 fee_bps=4
2025-10-29T02:19:49.024Z venue=meteora pool=5rCf1DM8LjKTw4YqhnoLcngyZYeNnQqztScTogYHAS6 price=194.43205912971294 slot=376481087 fee_bps=4
2025-10-29T02:19:49.073Z venue=meteora pool=BGm1tav58oGcsQJehL9WXBFXF7D27vZsKefj4xJKD5Y price=194.33320417474852 slot=376481087 fee_bps=10
2025-10-29T02:19:49.073Z venue=raydium pool=CYbD9RaToYMtWKA7QZyoLahnHdWq553Vm62Lh6qWtuxq price=194.4452789887637 slot=376481087 fee_bps=200
2025-10-29T02:19:49.073Z venue=raydium pool=CYbD9RaToYMtWKA7QZyoLahnHdWq553Vm62Lh6qWtuxq price=194.44395051910845 slot=376481087 fee_bps=200
2025-10-29T02:19:49.073Z venue=raydium pool=CYbD9RaToYMtWKA7QZyoLahnHdWq553Vm62Lh6qWtuxq price=194.44395051910845 slot=376481087 fee_bps=200
2025-10-29T02:19:49.074Z venue=meteora pool=BGm1tav58oGcsQJehL9WXBFXF7D27vZsKefj4xJKD5Y price=194.33320417474852 slot=376481087 fee_bps=10
2025-10-29T02:19:49.327Z venue=meteora pool=HTvjzsfX3yU6BUodCjZ5vZkUrAxMDTrBs3CJaq43ashR price=194.42318776178445 slot=376481088 fee_bps=1
2025-10-29T02:19:49.328Z venue=meteora pool=HTvjzsfX3yU6BUodCjZ5vZkUrAxMDTrBs3CJaq43ashR price=194.42318776178445 slot=376481088 fee_bps=1
2025-10-29T02:19:49.386Z venue=meteora pool=HTvjzsfX3yU6BUodCjZ5vZkUrAxMDTrBs3CJaq43ashR price=194.42318776178445 slot=376481089 fee_bps=1
2025-10-29T02:19:49.387Z venue=meteora pool=HTvjzsfX3yU6BUodCjZ5vZkUrAxMDTrBs3CJaq43ashR price=194.42318776178445 slot=376481089 fee_bps=1
2025-10-29T02:19:49.555Z venue=meteora pool=BGm1tav58oGcsQJehL9WXBFXF7D27vZsKefj4xJKD5Y price=194.33320417474852 slot=376481065 fee_bps=10
2025-10-29T02:19:49.638Z venue=meteora pool=BGm1tav58oGcsQJehL9WXBFXF7D27vZsKefj4xJKD5Y price=194.33320417474852 slot=376481079 fee_bps=10
2025-10-29T02:19:49.673Z venue=meteora pool=BGm1tav58oGcsQJehL9WXBFXF7D27vZsKefj4xJKD5Y price=194.33320417474852 slot=376481070 fee_bps=10
2025-10-29T02:19:49.712Z venue=meteora pool=BGm1tav58oGcsQJehL9WXBFXF7D27vZsKefj4xJKD5Y price=194.33320417474852 slot=376481075 fee_bps=10
2025-10-29T02:19:49.751Z venue=meteora pool=BGm1tav58oGcsQJehL9WXBFXF7D27vZsKefj4xJKD5Y price=194.33320417474852 slot=376481068 fee_bps=10
2025-10-29T02:19:49.796Z venue=raydium pool=EXHyQxMSttcvLPwjENnXCPZ8GmLjJYHtNBnAkcFeFKMn price=194.45233627249365 slot=376481090 fee_bps=100
2025-10-29T02:19:49.796Z venue=raydium pool=58oQChx4yWmvKdwLLZzBi4ChoCc2fqCUWBkwMihLYQo2 price=194.22018453333368 slot=376481090 fee_bps=25
2025-10-29T02:19:49.797Z venue=raydium pool=58oQChx4yWmvKdwLLZzBi4ChoCc2fqCUWBkwMihLYQo2 price=194.22018453333368 slot=376481090 fee_bps=25
2025-10-29T02:19:49.797Z venue=raydium pool=EXHyQxMSttcvLPwjENnXCPZ8GmLjJYHtNBnAkcFeFKMn price=194.45233627249365 slot=376481090 fee_bps=100
2025-10-29T02:19:49.797Z venue=raydium pool=EXHyQxMSttcvLPwjENnXCPZ8GmLjJYHtNBnAkcFeFKMn price=194.4384162264149 slot=376481090 fee_bps=100
2025-10-29T02:19:49.797Z venue=raydium pool=58oQChx4yWmvKdwLLZzBi4ChoCc2fqCUWBkwMihLYQo2 price=194.22018453333368 slot=376481090 fee_bps=25
2025-10-29T02:19:49.798Z venue=raydium pool=58oQChx4yWmvKdwLLZzBi4ChoCc2fqCUWBkwMihLYQo2 price=194.22018453333368 slot=376481090 fee_bps=25
2025-10-29T02:19:50.271Z venue=meteora pool=BGm1tav58oGcsQJehL9WXBFXF7D27vZsKefj4xJKD5Y price=194.33320417474852 slot=376481091 fee_bps=10
2025-10-29T02:19:50.273Z venue=meteora pool=BGm1tav58oGcsQJehL9WXBFXF7D27vZsKefj4xJKD5Y price=194.33320417474852 slot=376481091 fee_bps=10
2025-10-29T02:19:50.275Z venue=raydium pool=8sLbNZoA1cfnvMJLPfp98ZLAnFSYCFApfJKMbiXNLwxj price=194.41856989845698 slot=376481091 fee_bps=100
2025-10-29T02:19:50.277Z venue=orca pool=Czfq3xZZDmsdGdUyrNLtRhGc47cXcZtLG4crryfu44zE price=194.44109610359303 slot=376481091 fee_bps=4
2025-10-29T02:19:50.282Z venue=raydium pool=8sLbNZoA1cfnvMJLPfp98ZLAnFSYCFApfJKMbiXNLwxj price=194.41856989845698 slot=376481091 fee_bps=100
2025-10-29T02:19:50.282Z venue=orca pool=Czfq3xZZDmsdGdUyrNLtRhGc47cXcZtLG4crryfu44zE price=194.44109610359303 slot=376481091 fee_bps=4
2025-10-29T02:19:50.283Z venue=raydium pool=8sLbNZoA1cfnvMJLPfp98ZLAnFSYCFApfJKMbiXNLwxj price=194.41856989845698 slot=376481091 fee_bps=100
2025-10-29T02:19:50.283Z venue=orca pool=Czfq3xZZDmsdGdUyrNLtRhGc47cXcZtLG4crryfu44zE price=194.44109515820372 slot=376481091 fee_bps=4
2025-10-29T02:19:50.725Z venue=raydium pool=58oQChx4yWmvKdwLLZzBi4ChoCc2fqCUWBkwMihLYQo2 price=194.1649370645656 slot=376481080 fee_bps=25
2025-10-29T02:19:50.726Z venue=raydium pool=3ucNos4NbumPLZNWztqGHNFFgkHeRMBQAVemeeomsUxv price=194.43592780377298 slot=376481080 fee_bps=400
2025-10-29T02:19:50.726Z venue=raydium pool=CYbD9RaToYMtWKA7QZyoLahnHdWq553Vm62Lh6qWtuxq price=194.44853929612216 slot=376481080 fee_bps=200
2025-10-29T02:19:50.727Z venue=raydium pool=8sLbNZoA1cfnvMJLPfp98ZLAnFSYCFApfJKMbiXNLwxj price=194.42826872859507 slot=376481080 fee_bps=100
2025-10-29T02:19:50.727Z venue=raydium pool=EXHyQxMSttcvLPwjENnXCPZ8GmLjJYHtNBnAkcFeFKMn price=194.45233627249365 slot=376481080 fee_bps=100
2025-10-29T02:19:50.728Z venue=orca pool=Czfq3xZZDmsdGdUyrNLtRhGc47cXcZtLG4crryfu44zE price=194.44109610359303 slot=376481080 fee_bps=4
2025-10-29T02:19:50.729Z venue=orca pool=FpCMFDFGYotvufJ7HrFHsWEiiQCGbkLCtwHiDnh7o28Q price=194.43532246794672 slot=376481080 fee_bps=2
2025-10-29T02:19:50.730Z venue=orca pool=7qbRF6YsyGuLUVs6Y1q64bdVrfe4ZcUUz1JRdoVNUJnm price=194.4119362341395 slot=376481080 fee_bps=5
2025-10-29T02:19:50.731Z venue=orca pool=HJPjoWUrhoZzkNfRpHuieeFk9WcZWjwy6PBjZ81ngndJ price=194.21683535173577 slot=376481080 fee_bps=30
2025-10-29T02:19:51.253Z venue=meteora pool=BGm1tav58oGcsQJehL9WXBFXF7D27vZsKefj4xJKD5Y price=194.33320417474852 slot=376481086 fee_bps=10
